[19:59:52.848] Global cache location '/home/stanzu10/.cache/typescript/4.3', safe file path '/home/stanzu10/Dev/git/spotify/node_modules/typescript/lib/typingSafeList.json', types map path /home/stanzu10/Dev/git/spotify/node_modules/typescript/lib/typesMap.json
[19:59:52.849] Processing cache location '/home/stanzu10/.cache/typescript/4.3'
[19:59:52.849] Trying to find '/home/stanzu10/.cache/typescript/4.3/package.json'...
[19:59:52.853] Loaded content of '/home/stanzu10/.cache/typescript/4.3/package.json': {"private":true,"dependencies":{"types-registry":"^0.1.543"},"devDependencies":{"@types/accepts":"^1.3.5","@types/argparse":"^2.0.8","@types/aria-query":"^4.2.1","@types/arr-diff":"^4.0.0","@types/arr-union":"^3.1.0","@types/array-unique":"^0.3.0","@types/array.prototype.flat":"^1.2.1","@types/array.prototype.flatmap":"^1.2.2","@types/asap":"^2.0.0","@types/asn1":"^0.2.0","@types/assert":"^1.5.4","@types/assert-plus":"^1.0.4","@types/async":"^3.2.6","@types/atob":"^2.1.2","@types/aws4":"^1.5.1","@types/babel-plugin-macros":"^2.8.4","@types/babylon":"^6.16.5","@types/balanced-match":"^1.0.1","@types/big.js":"^6.1.0","@types/bindings":"^1.5.0","@types/bluebird":"^3.5.35","@types/bn.js":"^5.1.0","@types/body-parser":"^1.19.0","@types/bonjour":"^3.5.8","@types/boolbase":"^1.0.0","@types/bootstrap":"^5.0.15","@types/brace-expansion":"^1.1.0","@types/braces":"^3.0.0","@types/brorand":"^1.0.30","@types/bser":"^2.0.0","@types/buffer-crc32":"^0.2.0","@types/buffer-from":"^1.1.0","@types/buffer-xor":"^2.0.0","@types/bytes":"^3.1.0","@types/cacache":"^15.0.0","@types/cacheable-request":"^6.0.1","@types/call-bind":"^1.0.0","@types/caniuse-api":"^3.0.1","@types/caniuse-lite":"^1.0.0","@types/case-sensitive-paths-webpack-plugin":"^2.1.5","@types/caseless":"^0.12.2","@types/check-types":"^7.3.2","@types/chownr":"^1.0.0","@types/cipher-base":"^1.0.0","@types/clean-css":"^4.2.4","@types/co":"^4.6.2","@types/color":"^3.0.1","@types/color-convert":"^2.0.0","@types/color-name":"^1.1.1","@types/color-string":"^1.5.0","@types/combined-stream":"^1.0.2","@types/common-tags":"^1.8.0","@types/commondir":"^1.0.0","@types/component-emitter":"^1.2.10","@types/compose-function":"^0.0.30","@types/compressible":"^2.0.0","@types/compression":"^1.7.0","@types/concat-map":"^0.0.0","@types/concat-stream":"^1.6.0","@types/concurrently":"^6.2.0","@types/confusing-browser-globals":"^1.0.0","@types/connect-history-api-fallback":"^1.3.4","@types/contains-path":"^1.0.0","@types/content-disposition":"^0.5.3","@types/content-type":"^1.1.3","@types/convert-source-map":"^1.5.1","@types/cookie":"^0.4.0","@types/cookie-signature":"^1.0.3","@types/core-js":"^2.5.4","@types/create-hash":"^1.2.2","@types/create-hmac":"^1.1.0","@types/cross-spawn":"^6.0.2","@types/css":"^0.0.31","@types/css-declaration-sorter":"^5.1.0","@types/css-tree":"^1.0.5","@types/cssesc":"^3.0.0","@types/cssnano":"^4.0.0","@types/csso":"^3.5.1","@types/cssom":"^0.4.1","@types/cssstyle":"^2.2.1","@types/d":"^1.0.0","@types/damerau-levenshtein":"^1.0.0","@types/dashdash":"^1.14.0","@types/data-urls":"^2.0.1","@types/debug":"^4.1.5","@types/decode-uri-component":"^0.2.0","@types/dedent":"^0.7.0","@types/deep-equal":"^1.0.1","@types/default-gateway":"^3.0.1","@types/define-properties":"^1.1.3","@types/depd":"^1.1.32","@types/destroy":"^1.0.0","@types/detect-node":"^2.0.0","@types/diffie-hellman":"^5.0.0","@types/dir-glob":"^2.0.0","@types/dns-packet":"^5.2.0","@types/doctrine":"^0.0.3","@types/domexception":"^2.0.1","@types/domhandler":"^2.4.1","@types/domutils":"^1.7.3","@types/duplexer3":"^0.1.0","@types/duplexify":"^3.6.0","@types/ee-first":"^1.1.0","@types/ejs":"^3.0.6","@types/elliptic":"^6.4.12","@types/encodeurl":"^1.0.0","@types/end-of-stream":"^1.4.0","@types/enhanced-resolve":"^3.0.6","@types/es-abstract":"^1.17.2","@types/es-to-primitive":"^1.2.4","@types/escape-html":"^1.0.1","@types/escodegen":"^0.0.6","@types/eslint":"^7.2.13","@types/eslint-scope":"^3.7.0","@types/eslint-visitor-keys":"^1.0.0","@types/esprima":"^4.0.2","@types/esquery":"^1.0.1","@types/estraverse":"^5.1.0","@types/etag":"^1.8.0","@types/events":"^3.0.0","@types/eventsource":"^1.1.5","@types/exit":"^0.1.31","@types/express":"^4.17.12","@types/extend":"^3.0.1","@types/extsprintf":"^1.4.1","@types/fast-levenshtein":"^0.0.1","@types/fb-watchman":"^2.0.0","@types/file-entry-cache":"^5.0.1","@types/file-loader":"^5.0.0","@types/finalhandler":"^1.1.0","@types/find-cache-dir":"^3.2.0","@types/flat-cache":"^2.0.0","@types/flush-write-stream":"^1.0.0","@types/follow-redirects":"^1.13.0","@types/forever-agent":"^0.6.0","@types/forwarded":"^0.1.0","@types/fresh":"^0.5.0","@types/from2":"^2.3.0","@types/fs-extra":"^9.0.11","@types/function-bind":"^1.1.6","@types/functional-red-black-tree":"^1.0.0","@types/get-intrinsic":"^1.0.0","@types/get-value":"^3.0.1","@types/getpass":"^0.1.0","@types/glob":"^7.1.3","@types/glob-parent":"^5.1.0","@types/global-agent":"^2.1.0","@types/global-modules":"^2.0.0","@types/global-prefix":"^3.0.0","@types/global-tunnel-ng":"^2.1.0","@types/globalthis":"^1.0.1","@types/got":"^9.6.11","@types/graceful-fs":"^4.1.5","@types/has":"^1.0.0","@types/has-symbols":"^1.0.0","@types/he":"^1.1.1","@types/hex-color-regex":"^1.1.0","@types/history":"^4.7.8","@types/hoist-non-react-statics":"^3.3.1","@types/hosted-git-info":"^3.0.1","@types/html-encoding-sniffer":"^2.0.1","@types/html-escaper":"^3.0.0","@types/html-minifier-terser":"^5.1.1","@types/htmlparser2":"^3.10.2","@types/http-cache-semantics":"^4.0.0","@types/http-errors":"^1.8.0","@types/http-proxy":"^1.17.6","@types/icss-utils":"^4.1.0","@types/iferr":"^1.0.2","@types/imurmurhash":"^0.1.1","@types/inherits":"^0.0.30","@types/ini":"^1.3.30","@types/internal-slot":"^1.0.1","@types/ip":"^1.1.0","@types/is-arguments":"^1.0.0","@types/is-buffer":"^2.0.0","@types/is-callable":"^1.1.0","@types/is-ci":"^3.0.0","@types/is-core-module":"^2.2.0","@types/is-date-object":"^1.0.1","@types/is-glob":"^4.0.1","@types/is-number":"^7.0.1","@types/is-regex":"^1.0.0","@types/is-typedarray":"^1.0.0","@types/is-windows":"^1.0.0","@types/isarray":"^2.0.0","@types/isexe":"^2.0.0","@types/isstream":"^0.1.0","@types/istanbul-lib-coverage":"^2.0.3","@types/istanbul-lib-instrument":"^1.7.4","@types/istanbul-lib-report":"^3.0.0","@types/istanbul-lib-source-maps":"^4.0.1","@types/istanbul-reports":"^3.0.1","@types/js-yaml":"^4.0.1","@types/jsbn":"^1.2.29","@types/jsdom":"^16.2.10","@types/jsesc":"^3.0.0","@types/json-buffer":"^3.0.0","@types/json-parse-better-errors":"^1.0.0","@types/json-schema":"^7.0.7","@types/json-stringify-safe":"^5.0.0","@types/json3":"^3.3.2","@types/jsonfile":"^6.0.0","@types/keyv":"^3.1.1","@types/kind-of":"^6.0.0","@types/language-tags":"^1.0.0","@types/loader-runner":"^2.2.3","@types/loader-utils":"^2.0.2","@types/lodash":"^4.14.170","@types/lodash.clonedeep":"^4.5.6","@types/lodash.debounce":"^4.0.6","@types/lodash.memoize":"^4.1.6","@types/lodash.merge":"^4.6.6","@types/lodash.sortby":"^4.7.6","@types/lodash.template":"^4.5.0","@types/lodash.truncate":"^4.4.6","@types/lodash.uniq":"^4.5.6","@types/lru-cache":"^5.1.0","@types/lz-string":"^1.3.34","@types/media-typer":"^1.1.0","@types/memory-fs":"^0.3.3","@types/merge-descriptors":"^1.0.1","@types/merge-stream":"^1.1.2","@types/merge2":"^1.3.0","@types/methods":"^1.1.1","@types/micromatch":"^4.0.1","@types/mime":"^2.0.3","@types/mime-db":"^1.43.0","@types/mime-types":"^2.1.0","@types/min-indent":"^1.0.0","@types/mini-css-extract-plugin":"^1.4.3","@types/minimalistic-assert":"^1.0.1","@types/minimatch":"^3.0.4","@types/minimist":"^1.2.1","@types/minipass":"^2.2.0","@types/minizlib":"^2.1.1","@types/mkdirp":"^1.0.1","@types/move-concurrently":"^1.0.2","@types/ms":"^0.7.31","@types/multicast-dns":"^7.2.0","@types/natural-compare":"^1.4.0","@types/negotiator":"^0.6.1","@types/next-tick":"^1.0.0","@types/nice-try":"^2.1.0","@types/node-forge":"^0.9.9","@types/node-int64":"^0.4.29","@types/node-notifier":"^8.0.0","@types/normalize-package-data":"^2.4.0","@types/normalize-path":"^3.0.0","@types/num2fraction":"^1.2.0","@types/nwsapi":"^2.2.1","@types/object-assign":"^4.0.30","@types/object-inspect":"^1.8.0","@types/object-keys":"^1.0.1","@types/object.fromentries":"^2.0.0","@types/object.getownpropertydescriptors":"^2.1.1","@types/object.pick":"^1.3.1","@types/on-finished":"^2.3.1","@types/on-headers":"^1.0.0","@types/once":"^1.4.0","@types/optimize-css-assets-webpack-plugin":"^5.0.3","@types/original":"^1.0.0","@types/pako":"^1.0.1","@types/parallel-transform":"^1.1.0","@types/parse-json":"^4.0.0","@types/parse5":"^6.0.0","@types/parse5-htmlparser2-tree-adapter":"^6.0.0","@types/parseurl":"^1.3.1","@types/pascalcase":"^1.0.0","@types/path-is-absolute":"^1.0.0","@types/path-is-inside":"^1.0.0","@types/path-parse":"^1.0.19","@types/pbkdf2":"^3.1.0","@types/picomatch":"^2.2.4","@types/pify":"^5.0.0","@types/postcss-calc":"^7.0.0","@types/postcss-custom-properties":"^9.1.0","@types/postcss-flexbugs-fixes":"^4.2.0","@types/postcss-focus-within":"^4.0.0","@types/postcss-gap-properties":"^2.0.0","@types/postcss-modules-extract-imports":"^2.0.0","@types/postcss-modules-local-by-default":"^1.2.0","@types/postcss-modules-scope":"^1.1.0","@types/postcss-modules-values":"^3.0.0","@types/postcss-normalize":"^9.0.0","@types/postcss-preset-env":"^6.7.2","@types/postcss-safe-parser":"^5.0.0","@types/prelude-ls":"^1.1.29","@types/prettier":"^2.2.3","@types/progress":"^2.0.3","@types/promise-inflight":"^1.0.0","@types/prompts":"^2.0.12","@types/prop-types":"^15.7.3","@types/proxy-addr":"^2.0.0","@types/psl":"^1.1.0","@types/pump":"^1.1.1","@types/pumpify":"^1.4.1","@types/punycode":"^2.1.0","@types/q":"^1.5.4","@types/qs":"^6.9.6","@types/querystringify":"^2.0.0","@types/raf":"^3.4.0","@types/randombytes":"^2.0.0","@types/range-parser":"^1.2.3","@types/react":"^17.0.8","@types/react-dev-utils":"^9.0.6","@types/react-dom":"^17.0.6","@types/react-is":"^17.0.0","@types/react-router":"^5.1.14","@types/react-router-dom":"^5.1.7","@types/readable-stream":"^2.3.10","@types/recursive-readdir":"^2.2.0","@types/regenerate":"^1.4.0","@types/regenerator-runtime":"^0.13.0","@types/relateurl":"^0.2.28","@types/repeat-element":"^1.1.0","@types/repeat-string":"^1.6.0","@types/request":"^2.48.5","@types/request-promise-native":"^1.0.17","@types/require-directory":"^2.1.1","@types/require-from-string":"^1.2.0","@types/requires-port":"^1.0.0","@types/resolve":"^1.20.0","@types/responselike":"^1.0.0","@types/retry":"^0.12.0","@types/rimraf":"^3.0.0","@types/ripemd160":"^2.0.0","@types/roarr":"^2.14.2","@types/rsvp":"^4.0.3","@types/run-parallel":"^1.1.0","@types/safe-regex":"^1.1.2","@types/safer-buffer":"^2.1.0","@types/sane":"^2.0.0","@types/sass-loader":"^8.0.1","@types/sax":"^1.2.1","@types/scheduler":"^0.16.1","@types/semver":"^7.3.6","@types/semver-compare":"^1.0.1","@types/send":"^0.14.7","@types/serialize-javascript":"^5.0.0","@types/serve-index":"^1.7.30","@types/serve-static":"^1.13.9","@types/set-value":"^4.0.0","@types/setimmediate":"^1.0.2","@types/sha.js":"^2.4.0","@types/shebang-command":"^1.2.0","@types/shell-quote":"^1.7.0","@types/signal-exit":"^3.0.0","@types/slice-ansi":"^5.0.0","@types/sockjs":"^0.3.32","@types/sockjs-client":"^1.5.0","@types/source-list-map":"^0.1.2","@types/source-map-support":"^0.5.3","@types/spdx-correct":"^2.0.0","@types/spdx-expression-parse":"^3.0.0","@types/spdy":"^3.4.4","@types/sprintf":"^0.1.0","@types/sprintf-js":"^1.1.2","@types/sshpk":"^1.10.5","@types/ssri":"^7.1.0","@types/stack-utils":"^2.0.0","@types/statuses":"^2.0.0","@types/stream-each":"^1.2.0","@types/stream-shift":"^1.0.0","@types/strict-uri-encode":"^2.0.0","@types/string-natural-compare":"^3.0.0","@types/string.prototype.matchall":"^4.0.0","@types/stringify-object":"^3.3.0","@types/strip-comments":"^2.0.0","@types/strip-final-newline":"^3.0.0","@types/supports-color":"^8.1.0","@types/svg-parser":"^2.0.2","@types/svgo":"^2.3.0","@types/symbol-tree":"^3.2.1","@types/tapable":"^2.2.2","@types/tar":"^4.0.4","@types/terser-webpack-plugin":"^5.0.3","@types/testing-library__jest-dom":"^5.9.5","@types/text-table":"^0.2.1","@types/through2":"^2.0.36","@types/thunky":"^1.1.0","@types/timsort":"^0.3.0","@types/tough-cookie":"^4.0.0","@types/tryer":"^1.0.1","@types/tunnel":"^0.0.2","@types/type-check":"^0.3.27","@types/type-detect":"^4.0.1","@types/type-is":"^1.6.3","@types/uniq":"^0.0.27","@types/universalify":"^1.0.0","@types/urix":"^0.1.0","@types/url-parse":"^1.4.3","@types/util-deprecate":"^1.0.0","@types/util.promisify":"^1.0.4","@types/utils-merge":"^0.0.28","@types/uuid":"^8.3.0","@types/validate-npm-package-license":"^3.0.0","@types/vary":"^1.1.0","@types/verror":"^1.10.4","@types/w3c-hr-time":"^1.0.0","@types/w3c-xmlserializer":"^2.0.1","@types/wait-on":"^5.3.0","@types/watchpack":"^1.1.6","@types/webidl-conversions":"^6.1.0","@types/webpack":"^5.28.0","@types/webpack-dev-middleware":"^4.3.0","@types/webpack-dev-server":"^3.11.4","@types/webpack-manifest-plugin":"^3.0.4","@types/webpack-sources":"^2.1.0","@types/whatwg-encoding":"^1.0.0","@types/whatwg-mimetype":"^2.1.0","@types/whatwg-url":"^8.2.0","@types/which":"^2.0.0","@types/workbox-build":"^5.0.0","@types/workbox-sw":"^4.3.1","@types/workbox-webpack-plugin":"^5.1.6","@types/wrap-ansi":"^8.0.0","@types/write-file-atomic":"^3.0.1","@types/ws":"^7.4.4","@types/xtend":"^4.0.3","@types/y18n":"^4.0.0","@types/yallist":"^4.0.0","@types/yargs":"^17.0.0","@types/yargs-parser":"^20.2.0","@types/yauzl":"^2.9.1"}}
[19:59:52.853] Loaded content of '/home/stanzu10/.cache/typescript/4.3/package-lock.json'
[19:59:52.859] Adding entry into typings cache: 'accepts' => '/home/stanzu10/.cache/typescript/4.3/node_modules/@types/accepts/index.d.ts'
[19:59:52.861] Adding entry into typings cache: 'argparse' => '/home/stanzu10/.cache/typescript/4.3/node_modules/@types/argparse/index.d.ts'
[19:59:52.862] Adding entry into typings cache: 'aria-query' => '/home/stanzu10/.cache/typescript/4.3/node_modules/@types/aria-query/index.d.ts'
[19:59:52.867] Adding entry into typings cache: 'arr-diff' => '/home/stanzu10/.cache/typescript/4.3/node_modules/@types/arr-diff/index.d.ts'
[19:59:52.869] Adding entry into typings cache: 'arr-union' => '/home/stanzu10/.cache/typescript/4.3/node_modules/@types/arr-union/index.d.ts'
[19:59:52.872] Adding entry into typings cache: 'array-unique' => '/home/stanzu10/.cache/typescript/4.3/node_modules/@types/array-unique/index.d.ts'
[19:59:52.874] Adding entry into typings cache: 'array.prototype.flat' => '/home/stanzu10/.cache/typescript/4.3/node_modules/@types/array.prototype.flat/index.d.ts'
[19:59:52.875] Adding entry into typings cache: 'array.prototype.flatmap' => '/home/stanzu10/.cache/typescript/4.3/node_modules/@types/array.prototype.flatmap/index.d.ts'
[19:59:52.876] Adding entry into typings cache: 'asap' => '/home/stanzu10/.cache/typescript/4.3/node_modules/@types/asap/index.d.ts'
[19:59:52.877] Adding entry into typings cache: 'asn1' => '/home/stanzu10/.cache/typescript/4.3/node_modules/@types/asn1/index.d.ts'
[19:59:52.879] Adding entry into typings cache: 'assert' => '/home/stanzu10/.cache/typescript/4.3/node_modules/@types/assert/index.d.ts'
[19:59:52.879] Adding entry into typings cache: 'assert-plus' => '/home/stanzu10/.cache/typescript/4.3/node_modules/@types/assert-plus/index.d.ts'
[19:59:52.881] Adding entry into typings cache: 'async' => '/home/stanzu10/.cache/typescript/4.3/node_modules/@types/async/index.d.ts'
[19:59:52.884] Adding entry into typings cache: 'atob' => '/home/stanzu10/.cache/typescript/4.3/node_modules/@types/atob/index.d.ts'
[19:59:52.885] Adding entry into typings cache: 'aws4' => '/home/stanzu10/.cache/typescript/4.3/node_modules/@types/aws4/index.d.ts'
[19:59:52.886] Adding entry into typings cache: 'babel-plugin-macros' => '/home/stanzu10/.cache/typescript/4.3/node_modules/@types/babel-plugin-macros/index.d.ts'
[19:59:52.887] Adding entry into typings cache: 'babylon' => '/home/stanzu10/.cache/typescript/4.3/node_modules/@types/babylon/index.d.ts'
[19:59:52.888] Adding entry into typings cache: 'balanced-match' => '/home/stanzu10/.cache/typescript/4.3/node_modules/@types/balanced-match/index.d.ts'
[19:59:52.891] Adding entry into typings cache: 'big.js' => '/home/stanzu10/.cache/typescript/4.3/node_modules/@types/big.js/index.d.ts'
[19:59:52.892] Adding entry into typings cache: 'bindings' => '/home/stanzu10/.cache/typescript/4.3/node_modules/@types/bindings/index.d.ts'
[19:59:52.893] Adding entry into typings cache: 'bluebird' => '/home/stanzu10/.cache/typescript/4.3/node_modules/@types/bluebird/index.d.ts'
[19:59:52.894] Adding entry into typings cache: 'bn.js' => '/home/stanzu10/.cache/typescript/4.3/node_modules/@types/bn.js/index.d.ts'
[19:59:52.895] Adding entry into typings cache: 'body-parser' => '/home/stanzu10/.cache/typescript/4.3/node_modules/@types/body-parser/index.d.ts'
[19:59:52.896] Adding entry into typings cache: 'bonjour' => '/home/stanzu10/.cache/typescript/4.3/node_modules/@types/bonjour/index.d.ts'
[19:59:52.897] Adding entry into typings cache: 'boolbase' => '/home/stanzu10/.cache/typescript/4.3/node_modules/@types/boolbase/index.d.ts'
[19:59:52.898] Adding entry into typings cache: 'bootstrap' => '/home/stanzu10/.cache/typescript/4.3/node_modules/@types/bootstrap/index.d.ts'
[19:59:52.899] Adding entry into typings cache: 'brace-expansion' => '/home/stanzu10/.cache/typescript/4.3/node_modules/@types/brace-expansion/index.d.ts'
[19:59:52.902] Adding entry into typings cache: 'braces' => '/home/stanzu10/.cache/typescript/4.3/node_modules/@types/braces/index.d.ts'
[19:59:52.902] Adding entry into typings cache: 'brorand' => '/home/stanzu10/.cache/typescript/4.3/node_modules/@types/brorand/index.d.ts'
[19:59:52.903] Adding entry into typings cache: 'bser' => '/home/stanzu10/.cache/typescript/4.3/node_modules/@types/bser/index.d.ts'
[19:59:52.904] Adding entry into typings cache: 'buffer-crc32' => '/home/stanzu10/.cache/typescript/4.3/node_modules/@types/buffer-crc32/index.d.ts'
[19:59:52.905] Adding entry into typings cache: 'buffer-from' => '/home/stanzu10/.cache/typescript/4.3/node_modules/@types/buffer-from/index.d.ts'
[19:59:52.906] Adding entry into typings cache: 'buffer-xor' => '/home/stanzu10/.cache/typescript/4.3/node_modules/@types/buffer-xor/index.d.ts'
[19:59:52.907] Adding entry into typings cache: 'bytes' => '/home/stanzu10/.cache/typescript/4.3/node_modules/@types/bytes/index.d.ts'
[19:59:52.908] Adding entry into typings cache: 'cacache' => '/home/stanzu10/.cache/typescript/4.3/node_modules/@types/cacache/index.d.ts'
[19:59:52.909] Adding entry into typings cache: 'cacheable-request' => '/home/stanzu10/.cache/typescript/4.3/node_modules/@types/cacheable-request/index.d.ts'
[19:59:52.910] Adding entry into typings cache: 'call-bind' => '/home/stanzu10/.cache/typescript/4.3/node_modules/@types/call-bind/index.d.ts'
[19:59:52.910] Adding entry into typings cache: 'caniuse-api' => '/home/stanzu10/.cache/typescript/4.3/node_modules/@types/caniuse-api/index.d.ts'
[19:59:52.912] Adding entry into typings cache: 'caniuse-lite' => '/home/stanzu10/.cache/typescript/4.3/node_modules/@types/caniuse-lite/index.d.ts'
[19:59:52.913] Adding entry into typings cache: 'case-sensitive-paths-webpack-plugin' => '/home/stanzu10/.cache/typescript/4.3/node_modules/@types/case-sensitive-paths-webpack-plugin/index.d.ts'
[19:59:52.914] Adding entry into typings cache: 'caseless' => '/home/stanzu10/.cache/typescript/4.3/node_modules/@types/caseless/index.d.ts'
[19:59:52.914] Adding entry into typings cache: 'check-types' => '/home/stanzu10/.cache/typescript/4.3/node_modules/@types/check-types/index.d.ts'
[19:59:52.915] Adding entry into typings cache: 'chownr' => '/home/stanzu10/.cache/typescript/4.3/node_modules/@types/chownr/index.d.ts'
[19:59:52.916] Adding entry into typings cache: 'cipher-base' => '/home/stanzu10/.cache/typescript/4.3/node_modules/@types/cipher-base/index.d.ts'
[19:59:52.917] Adding entry into typings cache: 'clean-css' => '/home/stanzu10/.cache/typescript/4.3/node_modules/@types/clean-css/index.d.ts'
[19:59:52.918] Adding entry into typings cache: 'co' => '/home/stanzu10/.cache/typescript/4.3/node_modules/@types/co/index.d.ts'
[19:59:52.919] Adding entry into typings cache: 'color' => '/home/stanzu10/.cache/typescript/4.3/node_modules/@types/color/index.d.ts'
[19:59:52.922] Adding entry into typings cache: 'color-convert' => '/home/stanzu10/.cache/typescript/4.3/node_modules/@types/color-convert/index.d.ts'
[19:59:52.923] Adding entry into typings cache: 'color-name' => '/home/stanzu10/.cache/typescript/4.3/node_modules/@types/color-name/index.d.ts'
[19:59:52.924] Adding entry into typings cache: 'color-string' => '/home/stanzu10/.cache/typescript/4.3/node_modules/@types/color-string/index.d.ts'
[19:59:52.926] Adding entry into typings cache: 'combined-stream' => '/home/stanzu10/.cache/typescript/4.3/node_modules/@types/combined-stream/index.d.ts'
[19:59:52.928] Adding entry into typings cache: 'common-tags' => '/home/stanzu10/.cache/typescript/4.3/node_modules/@types/common-tags/index.d.ts'
[19:59:52.929] Adding entry into typings cache: 'commondir' => '/home/stanzu10/.cache/typescript/4.3/node_modules/@types/commondir/index.d.ts'
[19:59:52.930] Adding entry into typings cache: 'component-emitter' => '/home/stanzu10/.cache/typescript/4.3/node_modules/@types/component-emitter/index.d.ts'
[19:59:52.931] Adding entry into typings cache: 'compose-function' => '/home/stanzu10/.cache/typescript/4.3/node_modules/@types/compose-function/index.d.ts'
[19:59:52.932] Adding entry into typings cache: 'compressible' => '/home/stanzu10/.cache/typescript/4.3/node_modules/@types/compressible/index.d.ts'
[19:59:52.933] Adding entry into typings cache: 'compression' => '/home/stanzu10/.cache/typescript/4.3/node_modules/@types/compression/index.d.ts'
[19:59:52.935] Adding entry into typings cache: 'concat-map' => '/home/stanzu10/.cache/typescript/4.3/node_modules/@types/concat-map/index.d.ts'
[19:59:52.935] Adding entry into typings cache: 'concat-stream' => '/home/stanzu10/.cache/typescript/4.3/node_modules/@types/concat-stream/index.d.ts'
[19:59:52.937] Adding entry into typings cache: 'concurrently' => '/home/stanzu10/.cache/typescript/4.3/node_modules/@types/concurrently/index.d.ts'
[19:59:52.937] Adding entry into typings cache: 'confusing-browser-globals' => '/home/stanzu10/.cache/typescript/4.3/node_modules/@types/confusing-browser-globals/index.d.ts'
[19:59:52.938] Adding entry into typings cache: 'connect-history-api-fallback' => '/home/stanzu10/.cache/typescript/4.3/node_modules/@types/connect-history-api-fallback/index.d.ts'
[19:59:52.939] Adding entry into typings cache: 'contains-path' => '/home/stanzu10/.cache/typescript/4.3/node_modules/@types/contains-path/index.d.ts'
[19:59:52.943] Adding entry into typings cache: 'content-disposition' => '/home/stanzu10/.cache/typescript/4.3/node_modules/@types/content-disposition/index.d.ts'
[19:59:52.944] Adding entry into typings cache: 'content-type' => '/home/stanzu10/.cache/typescript/4.3/node_modules/@types/content-type/index.d.ts'
[19:59:52.945] Adding entry into typings cache: 'convert-source-map' => '/home/stanzu10/.cache/typescript/4.3/node_modules/@types/convert-source-map/index.d.ts'
[19:59:52.946] Adding entry into typings cache: 'cookie' => '/home/stanzu10/.cache/typescript/4.3/node_modules/@types/cookie/index.d.ts'
[19:59:52.947] Adding entry into typings cache: 'cookie-signature' => '/home/stanzu10/.cache/typescript/4.3/node_modules/@types/cookie-signature/index.d.ts'
[19:59:52.948] Adding entry into typings cache: 'core-js' => '/home/stanzu10/.cache/typescript/4.3/node_modules/@types/core-js/index.d.ts'
[19:59:52.950] Adding entry into typings cache: 'create-hash' => '/home/stanzu10/.cache/typescript/4.3/node_modules/@types/create-hash/index.d.ts'
[19:59:52.952] Adding entry into typings cache: 'create-hmac' => '/home/stanzu10/.cache/typescript/4.3/node_modules/@types/create-hmac/index.d.ts'
[19:59:52.952] Adding entry into typings cache: 'cross-spawn' => '/home/stanzu10/.cache/typescript/4.3/node_modules/@types/cross-spawn/index.d.ts'
[19:59:52.953] Adding entry into typings cache: 'css' => '/home/stanzu10/.cache/typescript/4.3/node_modules/@types/css/index.d.ts'
[19:59:52.954] Adding entry into typings cache: 'css-declaration-sorter' => '/home/stanzu10/.cache/typescript/4.3/node_modules/@types/css-declaration-sorter/index.d.ts'
[19:59:52.954] Adding entry into typings cache: 'css-tree' => '/home/stanzu10/.cache/typescript/4.3/node_modules/@types/css-tree/index.d.ts'
[19:59:52.955] Adding entry into typings cache: 'cssesc' => '/home/stanzu10/.cache/typescript/4.3/node_modules/@types/cssesc/index.d.ts'
[19:59:52.956] Adding entry into typings cache: 'cssnano' => '/home/stanzu10/.cache/typescript/4.3/node_modules/@types/cssnano/index.d.ts'
[19:59:52.957] Adding entry into typings cache: 'csso' => '/home/stanzu10/.cache/typescript/4.3/node_modules/@types/csso/index.d.ts'
[19:59:52.957] Adding entry into typings cache: 'cssom' => '/home/stanzu10/.cache/typescript/4.3/node_modules/@types/cssom/index.d.ts'
[19:59:52.958] Adding entry into typings cache: 'cssstyle' => '/home/stanzu10/.cache/typescript/4.3/node_modules/@types/cssstyle/index.d.ts'
[19:59:52.960] Adding entry into typings cache: 'd' => '/home/stanzu10/.cache/typescript/4.3/node_modules/@types/d/index.d.ts'
[19:59:52.962] Adding entry into typings cache: 'damerau-levenshtein' => '/home/stanzu10/.cache/typescript/4.3/node_modules/@types/damerau-levenshtein/index.d.ts'
[19:59:52.963] Adding entry into typings cache: 'dashdash' => '/home/stanzu10/.cache/typescript/4.3/node_modules/@types/dashdash/index.d.ts'
[19:59:52.964] Adding entry into typings cache: 'data-urls' => '/home/stanzu10/.cache/typescript/4.3/node_modules/@types/data-urls/index.d.ts'
[19:59:52.966] Adding entry into typings cache: 'debug' => '/home/stanzu10/.cache/typescript/4.3/node_modules/@types/debug/index.d.ts'
[19:59:52.969] Adding entry into typings cache: 'decode-uri-component' => '/home/stanzu10/.cache/typescript/4.3/node_modules/@types/decode-uri-component/index.d.ts'
[19:59:52.969] Adding entry into typings cache: 'dedent' => '/home/stanzu10/.cache/typescript/4.3/node_modules/@types/dedent/index.d.ts'
[19:59:52.970] Adding entry into typings cache: 'deep-equal' => '/home/stanzu10/.cache/typescript/4.3/node_modules/@types/deep-equal/index.d.ts'
[19:59:52.970] Adding entry into typings cache: 'default-gateway' => '/home/stanzu10/.cache/typescript/4.3/node_modules/@types/default-gateway/index.d.ts'
[19:59:52.971] Adding entry into typings cache: 'define-properties' => '/home/stanzu10/.cache/typescript/4.3/node_modules/@types/define-properties/index.d.ts'
[19:59:52.972] Adding entry into typings cache: 'depd' => '/home/stanzu10/.cache/typescript/4.3/node_modules/@types/depd/index.d.ts'
[19:59:52.972] Adding entry into typings cache: 'destroy' => '/home/stanzu10/.cache/typescript/4.3/node_modules/@types/destroy/index.d.ts'
[19:59:52.973] Adding entry into typings cache: 'detect-node' => '/home/stanzu10/.cache/typescript/4.3/node_modules/@types/detect-node/index.d.ts'
[19:59:52.974] Adding entry into typings cache: 'diffie-hellman' => '/home/stanzu10/.cache/typescript/4.3/node_modules/@types/diffie-hellman/index.d.ts'
[19:59:52.974] Adding entry into typings cache: 'dir-glob' => '/home/stanzu10/.cache/typescript/4.3/node_modules/@types/dir-glob/index.d.ts'
[19:59:52.975] Adding entry into typings cache: 'dns-packet' => '/home/stanzu10/.cache/typescript/4.3/node_modules/@types/dns-packet/index.d.ts'
[19:59:52.975] Adding entry into typings cache: 'doctrine' => '/home/stanzu10/.cache/typescript/4.3/node_modules/@types/doctrine/index.d.ts'
[19:59:52.976] Adding entry into typings cache: 'domexception' => '/home/stanzu10/.cache/typescript/4.3/node_modules/@types/domexception/index.d.ts'
[19:59:52.978] Adding entry into typings cache: 'domhandler' => '/home/stanzu10/.cache/typescript/4.3/node_modules/@types/domhandler/index.d.ts'
[19:59:52.978] Adding entry into typings cache: 'domutils' => '/home/stanzu10/.cache/typescript/4.3/node_modules/@types/domutils/index.d.ts'
[19:59:52.979] Adding entry into typings cache: 'duplexer3' => '/home/stanzu10/.cache/typescript/4.3/node_modules/@types/duplexer3/index.d.ts'
[19:59:52.980] Adding entry into typings cache: 'duplexify' => '/home/stanzu10/.cache/typescript/4.3/node_modules/@types/duplexify/index.d.ts'
[19:59:52.981] Adding entry into typings cache: 'ee-first' => '/home/stanzu10/.cache/typescript/4.3/node_modules/@types/ee-first/index.d.ts'
[19:59:52.982] Adding entry into typings cache: 'ejs' => '/home/stanzu10/.cache/typescript/4.3/node_modules/@types/ejs/index.d.ts'
[19:59:52.983] Adding entry into typings cache: 'elliptic' => '/home/stanzu10/.cache/typescript/4.3/node_modules/@types/elliptic/index.d.ts'
[19:59:52.983] Adding entry into typings cache: 'encodeurl' => '/home/stanzu10/.cache/typescript/4.3/node_modules/@types/encodeurl/index.d.ts'
[19:59:52.985] Adding entry into typings cache: 'end-of-stream' => '/home/stanzu10/.cache/typescript/4.3/node_modules/@types/end-of-stream/index.d.ts'
[19:59:52.986] Adding entry into typings cache: 'enhanced-resolve' => '/home/stanzu10/.cache/typescript/4.3/node_modules/enhanced-resolve/types.d.ts'
[19:59:52.987] Adding entry into typings cache: 'es-abstract' => '/home/stanzu10/.cache/typescript/4.3/node_modules/@types/es-abstract/index.d.ts'
[19:59:52.988] Adding entry into typings cache: 'es-to-primitive' => '/home/stanzu10/.cache/typescript/4.3/node_modules/@types/es-to-primitive/index.d.ts'
[19:59:52.989] Adding entry into typings cache: 'escape-html' => '/home/stanzu10/.cache/typescript/4.3/node_modules/@types/escape-html/index.d.ts'
[19:59:52.990] Adding entry into typings cache: 'escodegen' => '/home/stanzu10/.cache/typescript/4.3/node_modules/@types/escodegen/index.d.ts'
[19:59:52.993] Adding entry into typings cache: 'eslint' => '/home/stanzu10/.cache/typescript/4.3/node_modules/@types/eslint/index.d.ts'
[19:59:52.995] Adding entry into typings cache: 'eslint-scope' => '/home/stanzu10/.cache/typescript/4.3/node_modules/@types/eslint-scope/index.d.ts'
[19:59:52.997] Adding entry into typings cache: 'eslint-visitor-keys' => '/home/stanzu10/.cache/typescript/4.3/node_modules/@types/eslint-visitor-keys/index.d.ts'
[19:59:52.999] Adding entry into typings cache: 'esprima' => '/home/stanzu10/.cache/typescript/4.3/node_modules/@types/esprima/index.d.ts'
[19:59:53.001] Adding entry into typings cache: 'esquery' => '/home/stanzu10/.cache/typescript/4.3/node_modules/@types/esquery/index.d.ts'
[19:59:53.003] Adding entry into typings cache: 'estraverse' => '/home/stanzu10/.cache/typescript/4.3/node_modules/@types/estraverse/index.d.ts'
[19:59:53.004] Adding entry into typings cache: 'etag' => '/home/stanzu10/.cache/typescript/4.3/node_modules/@types/etag/index.d.ts'
[19:59:53.006] Adding entry into typings cache: 'events' => '/home/stanzu10/.cache/typescript/4.3/node_modules/@types/events/index.d.ts'
[19:59:53.009] Adding entry into typings cache: 'eventsource' => '/home/stanzu10/.cache/typescript/4.3/node_modules/@types/eventsource/index.d.ts'
[19:59:53.010] Adding entry into typings cache: 'exit' => '/home/stanzu10/.cache/typescript/4.3/node_modules/@types/exit/index.d.ts'
[19:59:53.011] Adding entry into typings cache: 'express' => '/home/stanzu10/.cache/typescript/4.3/node_modules/@types/express/index.d.ts'
[19:59:53.012] Adding entry into typings cache: 'extend' => '/home/stanzu10/.cache/typescript/4.3/node_modules/@types/extend/index.d.ts'
[19:59:53.013] Adding entry into typings cache: 'extsprintf' => '/home/stanzu10/.cache/typescript/4.3/node_modules/@types/extsprintf/index.d.ts'
[19:59:53.014] Adding entry into typings cache: 'fast-levenshtein' => '/home/stanzu10/.cache/typescript/4.3/node_modules/@types/fast-levenshtein/index.d.ts'
[19:59:53.015] Adding entry into typings cache: 'fb-watchman' => '/home/stanzu10/.cache/typescript/4.3/node_modules/@types/fb-watchman/index.d.ts'
[19:59:53.016] Adding entry into typings cache: 'file-entry-cache' => '/home/stanzu10/.cache/typescript/4.3/node_modules/@types/file-entry-cache/index.d.ts'
[19:59:53.017] Adding entry into typings cache: 'file-loader' => '/home/stanzu10/.cache/typescript/4.3/node_modules/@types/file-loader/index.d.ts'
[19:59:53.017] Adding entry into typings cache: 'finalhandler' => '/home/stanzu10/.cache/typescript/4.3/node_modules/@types/finalhandler/index.d.ts'
[19:59:53.018] Adding entry into typings cache: 'find-cache-dir' => '/home/stanzu10/.cache/typescript/4.3/node_modules/@types/find-cache-dir/index.d.ts'
[19:59:53.019] Adding entry into typings cache: 'flat-cache' => '/home/stanzu10/.cache/typescript/4.3/node_modules/@types/flat-cache/index.d.ts'
[19:59:53.021] Adding entry into typings cache: 'flush-write-stream' => '/home/stanzu10/.cache/typescript/4.3/node_modules/@types/flush-write-stream/index.d.ts'
[19:59:53.023] Adding entry into typings cache: 'follow-redirects' => '/home/stanzu10/.cache/typescript/4.3/node_modules/@types/follow-redirects/index.d.ts'
[19:59:53.024] Adding entry into typings cache: 'forever-agent' => '/home/stanzu10/.cache/typescript/4.3/node_modules/@types/forever-agent/index.d.ts'
[19:59:53.024] Adding entry into typings cache: 'forwarded' => '/home/stanzu10/.cache/typescript/4.3/node_modules/@types/forwarded/index.d.ts'
[19:59:53.025] Adding entry into typings cache: 'fresh' => '/home/stanzu10/.cache/typescript/4.3/node_modules/@types/fresh/index.d.ts'
[19:59:53.025] Adding entry into typings cache: 'from2' => '/home/stanzu10/.cache/typescript/4.3/node_modules/@types/from2/index.d.ts'
[19:59:53.026] Adding entry into typings cache: 'fs-extra' => '/home/stanzu10/.cache/typescript/4.3/node_modules/@types/fs-extra/index.d.ts'
[19:59:53.027] Adding entry into typings cache: 'function-bind' => '/home/stanzu10/.cache/typescript/4.3/node_modules/@types/function-bind/index.d.ts'
[19:59:53.027] Adding entry into typings cache: 'functional-red-black-tree' => '/home/stanzu10/.cache/typescript/4.3/node_modules/@types/functional-red-black-tree/index.d.ts'
[19:59:53.028] Adding entry into typings cache: 'get-intrinsic' => '/home/stanzu10/.cache/typescript/4.3/node_modules/@types/get-intrinsic/index.d.ts'
[19:59:53.029] Adding entry into typings cache: 'get-value' => '/home/stanzu10/.cache/typescript/4.3/node_modules/@types/get-value/index.d.ts'
[19:59:53.030] Adding entry into typings cache: 'getpass' => '/home/stanzu10/.cache/typescript/4.3/node_modules/@types/getpass/index.d.ts'
[19:59:53.031] Adding entry into typings cache: 'glob' => '/home/stanzu10/.cache/typescript/4.3/node_modules/@types/glob/index.d.ts'
[19:59:53.033] Adding entry into typings cache: 'glob-parent' => '/home/stanzu10/.cache/typescript/4.3/node_modules/@types/glob-parent/index.d.ts'
[19:59:53.033] Adding entry into typings cache: 'global-agent' => '/home/stanzu10/.cache/typescript/4.3/node_modules/@types/global-agent/index.d.ts'
[19:59:53.034] Adding entry into typings cache: 'global-modules' => '/home/stanzu10/.cache/typescript/4.3/node_modules/@types/global-modules/index.d.ts'
[19:59:53.034] Adding entry into typings cache: 'global-prefix' => '/home/stanzu10/.cache/typescript/4.3/node_modules/@types/global-prefix/index.d.ts'
[19:59:53.035] Adding entry into typings cache: 'global-tunnel-ng' => '/home/stanzu10/.cache/typescript/4.3/node_modules/@types/global-tunnel-ng/index.d.ts'
[19:59:53.035] Adding entry into typings cache: 'globalthis' => '/home/stanzu10/.cache/typescript/4.3/node_modules/@types/globalthis/index.d.ts'
[19:59:53.036] Adding entry into typings cache: 'got' => '/home/stanzu10/.cache/typescript/4.3/node_modules/@types/got/index.d.ts'
[19:59:53.037] Adding entry into typings cache: 'graceful-fs' => '/home/stanzu10/.cache/typescript/4.3/node_modules/@types/graceful-fs/index.d.ts'
[19:59:53.038] Adding entry into typings cache: 'has' => '/home/stanzu10/.cache/typescript/4.3/node_modules/@types/has/index.d.ts'
[19:59:53.038] Adding entry into typings cache: 'has-symbols' => '/home/stanzu10/.cache/typescript/4.3/node_modules/@types/has-symbols/index.d.ts'
[19:59:53.039] Adding entry into typings cache: 'he' => '/home/stanzu10/.cache/typescript/4.3/node_modules/@types/he/index.d.ts'
[19:59:53.039] Adding entry into typings cache: 'hex-color-regex' => '/home/stanzu10/.cache/typescript/4.3/node_modules/@types/hex-color-regex/index.d.ts'
[19:59:53.040] Adding entry into typings cache: 'history' => '/home/stanzu10/.cache/typescript/4.3/node_modules/@types/history/index.d.ts'
[19:59:53.041] Adding entry into typings cache: 'hoist-non-react-statics' => '/home/stanzu10/.cache/typescript/4.3/node_modules/@types/hoist-non-react-statics/index.d.ts'
[19:59:53.041] Adding entry into typings cache: 'hosted-git-info' => '/home/stanzu10/.cache/typescript/4.3/node_modules/@types/hosted-git-info/index.d.ts'
[19:59:53.041] Adding entry into typings cache: 'html-encoding-sniffer' => '/home/stanzu10/.cache/typescript/4.3/node_modules/@types/html-encoding-sniffer/index.d.ts'
[19:59:53.042] Adding entry into typings cache: 'html-escaper' => '/home/stanzu10/.cache/typescript/4.3/node_modules/@types/html-escaper/index.d.ts'
[19:59:53.043] Adding entry into typings cache: 'html-minifier-terser' => '/home/stanzu10/.cache/typescript/4.3/node_modules/@types/html-minifier-terser/index.d.ts'
[19:59:53.043] Adding entry into typings cache: 'htmlparser2' => '/home/stanzu10/.cache/typescript/4.3/node_modules/@types/htmlparser2/index.d.ts'
[19:59:53.044] Adding entry into typings cache: 'http-cache-semantics' => '/home/stanzu10/.cache/typescript/4.3/node_modules/@types/http-cache-semantics/index.d.ts'
[19:59:53.045] Adding entry into typings cache: 'http-errors' => '/home/stanzu10/.cache/typescript/4.3/node_modules/@types/http-errors/index.d.ts'
[19:59:53.046] Adding entry into typings cache: 'http-proxy' => '/home/stanzu10/.cache/typescript/4.3/node_modules/@types/http-proxy/index.d.ts'
[19:59:53.046] Adding entry into typings cache: 'icss-utils' => '/home/stanzu10/.cache/typescript/4.3/node_modules/@types/icss-utils/index.d.ts'
[19:59:53.047] Adding entry into typings cache: 'iferr' => '/home/stanzu10/.cache/typescript/4.3/node_modules/@types/iferr/index.d.ts'
[19:59:53.048] Adding entry into typings cache: 'imurmurhash' => '/home/stanzu10/.cache/typescript/4.3/node_modules/@types/imurmurhash/index.d.ts'
[19:59:53.050] Adding entry into typings cache: 'inherits' => '/home/stanzu10/.cache/typescript/4.3/node_modules/@types/inherits/index.d.ts'
[19:59:53.051] Adding entry into typings cache: 'ini' => '/home/stanzu10/.cache/typescript/4.3/node_modules/@types/ini/index.d.ts'
[19:59:53.052] Adding entry into typings cache: 'internal-slot' => '/home/stanzu10/.cache/typescript/4.3/node_modules/@types/internal-slot/index.d.ts'
[19:59:53.053] Adding entry into typings cache: 'ip' => '/home/stanzu10/.cache/typescript/4.3/node_modules/@types/ip/index.d.ts'
[19:59:53.054] Adding entry into typings cache: 'is-arguments' => '/home/stanzu10/.cache/typescript/4.3/node_modules/@types/is-arguments/index.d.ts'
[19:59:53.055] Adding entry into typings cache: 'is-buffer' => '/home/stanzu10/.cache/typescript/4.3/node_modules/@types/is-buffer/index.d.ts'
[19:59:53.056] Adding entry into typings cache: 'is-callable' => '/home/stanzu10/.cache/typescript/4.3/node_modules/@types/is-callable/index.d.ts'
[19:59:53.056] Adding entry into typings cache: 'is-ci' => '/home/stanzu10/.cache/typescript/4.3/node_modules/@types/is-ci/index.d.ts'
[19:59:53.057] Adding entry into typings cache: 'is-core-module' => '/home/stanzu10/.cache/typescript/4.3/node_modules/@types/is-core-module/index.d.ts'
[19:59:53.058] Adding entry into typings cache: 'is-date-object' => '/home/stanzu10/.cache/typescript/4.3/node_modules/@types/is-date-object/index.d.ts'
[19:59:53.060] Adding entry into typings cache: 'is-glob' => '/home/stanzu10/.cache/typescript/4.3/node_modules/@types/is-glob/index.d.ts'
[19:59:53.061] Adding entry into typings cache: 'is-number' => '/home/stanzu10/.cache/typescript/4.3/node_modules/@types/is-number/index.d.ts'
[19:59:53.063] Adding entry into typings cache: 'is-regex' => '/home/stanzu10/.cache/typescript/4.3/node_modules/@types/is-regex/index.d.ts'
[19:59:53.063] Adding entry into typings cache: 'is-typedarray' => '/home/stanzu10/.cache/typescript/4.3/node_modules/@types/is-typedarray/index.d.ts'
[19:59:53.064] Adding entry into typings cache: 'is-windows' => '/home/stanzu10/.cache/typescript/4.3/node_modules/@types/is-windows/index.d.ts'
[19:59:53.064] Adding entry into typings cache: 'isarray' => '/home/stanzu10/.cache/typescript/4.3/node_modules/@types/isarray/index.d.ts'
[19:59:53.065] Adding entry into typings cache: 'isexe' => '/home/stanzu10/.cache/typescript/4.3/node_modules/@types/isexe/index.d.ts'
[19:59:53.065] Adding entry into typings cache: 'isstream' => '/home/stanzu10/.cache/typescript/4.3/node_modules/@types/isstream/index.d.ts'
[19:59:53.066] Adding entry into typings cache: 'istanbul-lib-coverage' => '/home/stanzu10/.cache/typescript/4.3/node_modules/@types/istanbul-lib-coverage/index.d.ts'
[19:59:53.067] Adding entry into typings cache: 'istanbul-lib-instrument' => '/home/stanzu10/.cache/typescript/4.3/node_modules/@types/istanbul-lib-instrument/index.d.ts'
[19:59:53.067] Adding entry into typings cache: 'istanbul-lib-report' => '/home/stanzu10/.cache/typescript/4.3/node_modules/@types/istanbul-lib-report/index.d.ts'
[19:59:53.068] Adding entry into typings cache: 'istanbul-lib-source-maps' => '/home/stanzu10/.cache/typescript/4.3/node_modules/@types/istanbul-lib-source-maps/index.d.ts'
[19:59:53.070] Adding entry into typings cache: 'istanbul-reports' => '/home/stanzu10/.cache/typescript/4.3/node_modules/@types/istanbul-reports/index.d.ts'
[19:59:53.070] Adding entry into typings cache: 'js-yaml' => '/home/stanzu10/.cache/typescript/4.3/node_modules/@types/js-yaml/index.d.ts'
[19:59:53.071] Adding entry into typings cache: 'jsbn' => '/home/stanzu10/.cache/typescript/4.3/node_modules/@types/jsbn/index.d.ts'
[19:59:53.073] Adding entry into typings cache: 'jsdom' => '/home/stanzu10/.cache/typescript/4.3/node_modules/@types/jsdom/index.d.ts'
[19:59:53.073] Adding entry into typings cache: 'jsesc' => '/home/stanzu10/.cache/typescript/4.3/node_modules/@types/jsesc/index.d.ts'
[19:59:53.074] Adding entry into typings cache: 'json-buffer' => '/home/stanzu10/.cache/typescript/4.3/node_modules/@types/json-buffer/index.d.ts'
[19:59:53.074] Adding entry into typings cache: 'json-parse-better-errors' => '/home/stanzu10/.cache/typescript/4.3/node_modules/@types/json-parse-better-errors/index.d.ts'
[19:59:53.075] Adding entry into typings cache: 'json-schema' => '/home/stanzu10/.cache/typescript/4.3/node_modules/@types/json-schema/index.d.ts'
[19:59:53.075] Adding entry into typings cache: 'json-stringify-safe' => '/home/stanzu10/.cache/typescript/4.3/node_modules/@types/json-stringify-safe/index.d.ts'
[19:59:53.076] Adding entry into typings cache: 'json3' => '/home/stanzu10/.cache/typescript/4.3/node_modules/@types/json3/index.d.ts'
[19:59:53.076] Adding entry into typings cache: 'jsonfile' => '/home/stanzu10/.cache/typescript/4.3/node_modules/@types/jsonfile/index.d.ts'
[19:59:53.077] Adding entry into typings cache: 'keyv' => '/home/stanzu10/.cache/typescript/4.3/node_modules/@types/keyv/index.d.ts'
[19:59:53.078] Adding entry into typings cache: 'kind-of' => '/home/stanzu10/.cache/typescript/4.3/node_modules/@types/kind-of/index.d.ts'
[19:59:53.078] Adding entry into typings cache: 'language-tags' => '/home/stanzu10/.cache/typescript/4.3/node_modules/@types/language-tags/index.d.ts'
[19:59:53.079] Adding entry into typings cache: 'loader-runner' => '/home/stanzu10/.cache/typescript/4.3/node_modules/@types/loader-runner/index.d.ts'
[19:59:53.079] Adding entry into typings cache: 'loader-utils' => '/home/stanzu10/.cache/typescript/4.3/node_modules/@types/loader-utils/index.d.ts'
[19:59:53.080] Adding entry into typings cache: 'lodash' => '/home/stanzu10/.cache/typescript/4.3/node_modules/@types/lodash/index.d.ts'
[19:59:53.080] Adding entry into typings cache: 'lodash.clonedeep' => '/home/stanzu10/.cache/typescript/4.3/node_modules/@types/lodash.clonedeep/index.d.ts'
[19:59:53.080] Adding entry into typings cache: 'lodash.debounce' => '/home/stanzu10/.cache/typescript/4.3/node_modules/@types/lodash.debounce/index.d.ts'
[19:59:53.081] Adding entry into typings cache: 'lodash.memoize' => '/home/stanzu10/.cache/typescript/4.3/node_modules/@types/lodash.memoize/index.d.ts'
[19:59:53.081] Adding entry into typings cache: 'lodash.merge' => '/home/stanzu10/.cache/typescript/4.3/node_modules/@types/lodash.merge/index.d.ts'
[19:59:53.082] Adding entry into typings cache: 'lodash.sortby' => '/home/stanzu10/.cache/typescript/4.3/node_modules/@types/lodash.sortby/index.d.ts'
[19:59:53.082] Adding entry into typings cache: 'lodash.template' => '/home/stanzu10/.cache/typescript/4.3/node_modules/@types/lodash.template/index.d.ts'
[19:59:53.082] Adding entry into typings cache: 'lodash.truncate' => '/home/stanzu10/.cache/typescript/4.3/node_modules/@types/lodash.truncate/index.d.ts'
[19:59:53.083] Adding entry into typings cache: 'lodash.uniq' => '/home/stanzu10/.cache/typescript/4.3/node_modules/@types/lodash.uniq/index.d.ts'
[19:59:53.083] Adding entry into typings cache: 'lru-cache' => '/home/stanzu10/.cache/typescript/4.3/node_modules/@types/lru-cache/index.d.ts'
[19:59:53.083] Adding entry into typings cache: 'lz-string' => '/home/stanzu10/.cache/typescript/4.3/node_modules/@types/lz-string/index.d.ts'
[19:59:53.084] Adding entry into typings cache: 'media-typer' => '/home/stanzu10/.cache/typescript/4.3/node_modules/@types/media-typer/index.d.ts'
[19:59:53.084] Adding entry into typings cache: 'memory-fs' => '/home/stanzu10/.cache/typescript/4.3/node_modules/@types/memory-fs/index.d.ts'
[19:59:53.084] Adding entry into typings cache: 'merge-descriptors' => '/home/stanzu10/.cache/typescript/4.3/node_modules/@types/merge-descriptors/index.d.ts'
[19:59:53.085] Adding entry into typings cache: 'merge-stream' => '/home/stanzu10/.cache/typescript/4.3/node_modules/@types/merge-stream/index.d.ts'
[19:59:53.085] Adding entry into typings cache: 'merge2' => '/home/stanzu10/.cache/typescript/4.3/node_modules/@types/merge2/index.d.ts'
[19:59:53.085] Adding entry into typings cache: 'methods' => '/home/stanzu10/.cache/typescript/4.3/node_modules/@types/methods/index.d.ts'
[19:59:53.086] Adding entry into typings cache: 'micromatch' => '/home/stanzu10/.cache/typescript/4.3/node_modules/@types/micromatch/index.d.ts'
[19:59:53.087] Adding entry into typings cache: 'mime' => '/home/stanzu10/.cache/typescript/4.3/node_modules/@types/mime/index.d.ts'
[19:59:53.087] Adding entry into typings cache: 'mime-db' => '/home/stanzu10/.cache/typescript/4.3/node_modules/@types/mime-db/index.d.ts'
[19:59:53.088] Adding entry into typings cache: 'mime-types' => '/home/stanzu10/.cache/typescript/4.3/node_modules/@types/mime-types/index.d.ts'
[19:59:53.088] Adding entry into typings cache: 'min-indent' => '/home/stanzu10/.cache/typescript/4.3/node_modules/@types/min-indent/index.d.ts'
[19:59:53.088] Adding entry into typings cache: 'mini-css-extract-plugin' => '/home/stanzu10/.cache/typescript/4.3/node_modules/@types/mini-css-extract-plugin/index.d.ts'
[19:59:53.089] Adding entry into typings cache: 'minimalistic-assert' => '/home/stanzu10/.cache/typescript/4.3/node_modules/@types/minimalistic-assert/index.d.ts'
[19:59:53.089] Adding entry into typings cache: 'minimatch' => '/home/stanzu10/.cache/typescript/4.3/node_modules/@types/minimatch/index.d.ts'
[19:59:53.089] Adding entry into typings cache: 'minimist' => '/home/stanzu10/.cache/typescript/4.3/node_modules/@types/minimist/index.d.ts'
[19:59:53.090] Adding entry into typings cache: 'minipass' => '/home/stanzu10/.cache/typescript/4.3/node_modules/@types/minipass/index.d.ts'
[19:59:53.090] Adding entry into typings cache: 'minizlib' => '/home/stanzu10/.cache/typescript/4.3/node_modules/@types/minizlib/index.d.ts'
[19:59:53.091] Adding entry into typings cache: 'mkdirp' => '/home/stanzu10/.cache/typescript/4.3/node_modules/@types/mkdirp/index.d.ts'
[19:59:53.091] Adding entry into typings cache: 'move-concurrently' => '/home/stanzu10/.cache/typescript/4.3/node_modules/@types/move-concurrently/index.d.ts'
[19:59:53.092] Adding entry into typings cache: 'ms' => '/home/stanzu10/.cache/typescript/4.3/node_modules/@types/ms/index.d.ts'
[19:59:53.092] Adding entry into typings cache: 'multicast-dns' => '/home/stanzu10/.cache/typescript/4.3/node_modules/@types/multicast-dns/index.d.ts'
[19:59:53.092] Adding entry into typings cache: 'natural-compare' => '/home/stanzu10/.cache/typescript/4.3/node_modules/@types/natural-compare/index.d.ts'
[19:59:53.093] Adding entry into typings cache: 'negotiator' => '/home/stanzu10/.cache/typescript/4.3/node_modules/@types/negotiator/index.d.ts'
[19:59:53.093] Adding entry into typings cache: 'next-tick' => '/home/stanzu10/.cache/typescript/4.3/node_modules/@types/next-tick/index.d.ts'
[19:59:53.093] Adding entry into typings cache: 'nice-try' => '/home/stanzu10/.cache/typescript/4.3/node_modules/@types/nice-try/index.d.ts'
[19:59:53.094] Adding entry into typings cache: 'node-forge' => '/home/stanzu10/.cache/typescript/4.3/node_modules/@types/node-forge/index.d.ts'
[19:59:53.094] Adding entry into typings cache: 'node-int64' => '/home/stanzu10/.cache/typescript/4.3/node_modules/@types/node-int64/index.d.ts'
[19:59:53.094] Adding entry into typings cache: 'node-notifier' => '/home/stanzu10/.cache/typescript/4.3/node_modules/@types/node-notifier/index.d.ts'
[19:59:53.095] Adding entry into typings cache: 'normalize-package-data' => '/home/stanzu10/.cache/typescript/4.3/node_modules/@types/normalize-package-data/index.d.ts'
[19:59:53.095] Adding entry into typings cache: 'normalize-path' => '/home/stanzu10/.cache/typescript/4.3/node_modules/@types/normalize-path/index.d.ts'
[19:59:53.096] Adding entry into typings cache: 'num2fraction' => '/home/stanzu10/.cache/typescript/4.3/node_modules/@types/num2fraction/index.d.ts'
[19:59:53.096] Adding entry into typings cache: 'nwsapi' => '/home/stanzu10/.cache/typescript/4.3/node_modules/@types/nwsapi/index.d.ts'
[19:59:53.096] Adding entry into typings cache: 'object-assign' => '/home/stanzu10/.cache/typescript/4.3/node_modules/@types/object-assign/index.d.ts'
[19:59:53.097] Adding entry into typings cache: 'object-inspect' => '/home/stanzu10/.cache/typescript/4.3/node_modules/@types/object-inspect/index.d.ts'
[19:59:53.097] Adding entry into typings cache: 'object-keys' => '/home/stanzu10/.cache/typescript/4.3/node_modules/@types/object-keys/index.d.ts'
[19:59:53.097] Adding entry into typings cache: 'object.fromentries' => '/home/stanzu10/.cache/typescript/4.3/node_modules/@types/object.fromentries/index.d.ts'
[19:59:53.098] Adding entry into typings cache: 'object.getownpropertydescriptors' => '/home/stanzu10/.cache/typescript/4.3/node_modules/@types/object.getownpropertydescriptors/index.d.ts'
[19:59:53.098] Adding entry into typings cache: 'object.pick' => '/home/stanzu10/.cache/typescript/4.3/node_modules/@types/object.pick/index.d.ts'
[19:59:53.099] Adding entry into typings cache: 'on-finished' => '/home/stanzu10/.cache/typescript/4.3/node_modules/@types/on-finished/index.d.ts'
[19:59:53.099] Adding entry into typings cache: 'on-headers' => '/home/stanzu10/.cache/typescript/4.3/node_modules/@types/on-headers/index.d.ts'
[19:59:53.099] Adding entry into typings cache: 'once' => '/home/stanzu10/.cache/typescript/4.3/node_modules/@types/once/index.d.ts'
[19:59:53.100] Adding entry into typings cache: 'optimize-css-assets-webpack-plugin' => '/home/stanzu10/.cache/typescript/4.3/node_modules/@types/optimize-css-assets-webpack-plugin/index.d.ts'
[19:59:53.100] Adding entry into typings cache: 'original' => '/home/stanzu10/.cache/typescript/4.3/node_modules/@types/original/index.d.ts'
[19:59:53.101] Adding entry into typings cache: 'pako' => '/home/stanzu10/.cache/typescript/4.3/node_modules/@types/pako/index.d.ts'
[19:59:53.101] Adding entry into typings cache: 'parallel-transform' => '/home/stanzu10/.cache/typescript/4.3/node_modules/@types/parallel-transform/index.d.ts'
[19:59:53.102] Adding entry into typings cache: 'parse-json' => '/home/stanzu10/.cache/typescript/4.3/node_modules/@types/parse-json/index.d.ts'
[19:59:53.102] Adding entry into typings cache: 'parse5' => '/home/stanzu10/.cache/typescript/4.3/node_modules/@types/parse5/index.d.ts'
[19:59:53.103] Adding entry into typings cache: 'parse5-htmlparser2-tree-adapter' => '/home/stanzu10/.cache/typescript/4.3/node_modules/@types/parse5-htmlparser2-tree-adapter/index.d.ts'
[19:59:53.103] Adding entry into typings cache: 'parseurl' => '/home/stanzu10/.cache/typescript/4.3/node_modules/@types/parseurl/index.d.ts'
[19:59:53.104] Adding entry into typings cache: 'pascalcase' => '/home/stanzu10/.cache/typescript/4.3/node_modules/@types/pascalcase/index.d.ts'
[19:59:53.105] Adding entry into typings cache: 'path-is-absolute' => '/home/stanzu10/.cache/typescript/4.3/node_modules/@types/path-is-absolute/index.d.ts'
[19:59:53.105] Adding entry into typings cache: 'path-is-inside' => '/home/stanzu10/.cache/typescript/4.3/node_modules/@types/path-is-inside/index.d.ts'
[19:59:53.106] Adding entry into typings cache: 'path-parse' => '/home/stanzu10/.cache/typescript/4.3/node_modules/@types/path-parse/index.d.ts'
[19:59:53.106] Adding entry into typings cache: 'pbkdf2' => '/home/stanzu10/.cache/typescript/4.3/node_modules/@types/pbkdf2/index.d.ts'
[19:59:53.107] Adding entry into typings cache: 'picomatch' => '/home/stanzu10/.cache/typescript/4.3/node_modules/@types/picomatch/index.d.ts'
[19:59:53.108] Adding entry into typings cache: 'pify' => '/home/stanzu10/.cache/typescript/4.3/node_modules/@types/pify/index.d.ts'
[19:59:53.109] Adding entry into typings cache: 'postcss-calc' => '/home/stanzu10/.cache/typescript/4.3/node_modules/@types/postcss-calc/index.d.ts'
[19:59:53.109] Adding entry into typings cache: 'postcss-custom-properties' => '/home/stanzu10/.cache/typescript/4.3/node_modules/@types/postcss-custom-properties/index.d.ts'
[19:59:53.110] Adding entry into typings cache: 'postcss-flexbugs-fixes' => '/home/stanzu10/.cache/typescript/4.3/node_modules/@types/postcss-flexbugs-fixes/index.d.ts'
[19:59:53.110] Adding entry into typings cache: 'postcss-focus-within' => '/home/stanzu10/.cache/typescript/4.3/node_modules/@types/postcss-focus-within/index.d.ts'
[19:59:53.111] Adding entry into typings cache: 'postcss-gap-properties' => '/home/stanzu10/.cache/typescript/4.3/node_modules/@types/postcss-gap-properties/index.d.ts'
[19:59:53.112] Adding entry into typings cache: 'postcss-modules-extract-imports' => '/home/stanzu10/.cache/typescript/4.3/node_modules/@types/postcss-modules-extract-imports/index.d.ts'
[19:59:53.113] Adding entry into typings cache: 'postcss-modules-local-by-default' => '/home/stanzu10/.cache/typescript/4.3/node_modules/@types/postcss-modules-local-by-default/index.d.ts'
[19:59:53.114] Adding entry into typings cache: 'postcss-modules-scope' => '/home/stanzu10/.cache/typescript/4.3/node_modules/@types/postcss-modules-scope/index.d.ts'
[19:59:53.114] Adding entry into typings cache: 'postcss-modules-values' => '/home/stanzu10/.cache/typescript/4.3/node_modules/@types/postcss-modules-values/index.d.ts'
[19:59:53.115] Adding entry into typings cache: 'postcss-normalize' => '/home/stanzu10/.cache/typescript/4.3/node_modules/@types/postcss-normalize/index.d.ts'
[19:59:53.115] Adding entry into typings cache: 'postcss-preset-env' => '/home/stanzu10/.cache/typescript/4.3/node_modules/@types/postcss-preset-env/index.d.ts'
[19:59:53.116] Adding entry into typings cache: 'postcss-safe-parser' => '/home/stanzu10/.cache/typescript/4.3/node_modules/@types/postcss-safe-parser/index.d.ts'
[19:59:53.116] Adding entry into typings cache: 'prelude-ls' => '/home/stanzu10/.cache/typescript/4.3/node_modules/@types/prelude-ls/index.d.ts'
[19:59:53.117] Adding entry into typings cache: 'prettier' => '/home/stanzu10/.cache/typescript/4.3/node_modules/@types/prettier/index.d.ts'
[19:59:53.117] Adding entry into typings cache: 'progress' => '/home/stanzu10/.cache/typescript/4.3/node_modules/@types/progress/index.d.ts'
[19:59:53.118] Adding entry into typings cache: 'promise-inflight' => '/home/stanzu10/.cache/typescript/4.3/node_modules/@types/promise-inflight/index.d.ts'
[19:59:53.118] Adding entry into typings cache: 'prompts' => '/home/stanzu10/.cache/typescript/4.3/node_modules/@types/prompts/index.d.ts'
[19:59:53.119] Adding entry into typings cache: 'prop-types' => '/home/stanzu10/.cache/typescript/4.3/node_modules/@types/prop-types/index.d.ts'
[19:59:53.119] Adding entry into typings cache: 'proxy-addr' => '/home/stanzu10/.cache/typescript/4.3/node_modules/@types/proxy-addr/index.d.ts'
[19:59:53.120] Adding entry into typings cache: 'psl' => '/home/stanzu10/.cache/typescript/4.3/node_modules/@types/psl/index.d.ts'
[19:59:53.121] Adding entry into typings cache: 'pump' => '/home/stanzu10/.cache/typescript/4.3/node_modules/@types/pump/index.d.ts'
[19:59:53.121] Adding entry into typings cache: 'pumpify' => '/home/stanzu10/.cache/typescript/4.3/node_modules/@types/pumpify/index.d.ts'
[19:59:53.122] Adding entry into typings cache: 'punycode' => '/home/stanzu10/.cache/typescript/4.3/node_modules/@types/punycode/index.d.ts'
[19:59:53.123] Adding entry into typings cache: 'q' => '/home/stanzu10/.cache/typescript/4.3/node_modules/@types/q/index.d.ts'
[19:59:53.123] Adding entry into typings cache: 'qs' => '/home/stanzu10/.cache/typescript/4.3/node_modules/@types/qs/index.d.ts'
[19:59:53.124] Adding entry into typings cache: 'querystringify' => '/home/stanzu10/.cache/typescript/4.3/node_modules/@types/querystringify/index.d.ts'
[19:59:53.125] Adding entry into typings cache: 'raf' => '/home/stanzu10/.cache/typescript/4.3/node_modules/@types/raf/index.d.ts'
[19:59:53.126] Adding entry into typings cache: 'randombytes' => '/home/stanzu10/.cache/typescript/4.3/node_modules/@types/randombytes/index.d.ts'
[19:59:53.126] Adding entry into typings cache: 'range-parser' => '/home/stanzu10/.cache/typescript/4.3/node_modules/@types/range-parser/index.d.ts'
[19:59:53.127] Adding entry into typings cache: 'react' => '/home/stanzu10/.cache/typescript/4.3/node_modules/@types/react/index.d.ts'
[19:59:53.128] Adding entry into typings cache: 'react-dev-utils' => '/home/stanzu10/.cache/typescript/4.3/node_modules/@types/react-dev-utils/index.d.ts'
[19:59:53.129] Adding entry into typings cache: 'react-dom' => '/home/stanzu10/.cache/typescript/4.3/node_modules/@types/react-dom/index.d.ts'
[19:59:53.129] Adding entry into typings cache: 'react-is' => '/home/stanzu10/.cache/typescript/4.3/node_modules/@types/react-is/index.d.ts'
[19:59:53.130] Adding entry into typings cache: 'react-router' => '/home/stanzu10/.cache/typescript/4.3/node_modules/@types/react-router/index.d.ts'
[19:59:53.131] Adding entry into typings cache: 'react-router-dom' => '/home/stanzu10/.cache/typescript/4.3/node_modules/@types/react-router-dom/index.d.ts'
[19:59:53.131] Adding entry into typings cache: 'readable-stream' => '/home/stanzu10/.cache/typescript/4.3/node_modules/@types/readable-stream/index.d.ts'
[19:59:53.132] Adding entry into typings cache: 'recursive-readdir' => '/home/stanzu10/.cache/typescript/4.3/node_modules/@types/recursive-readdir/index.d.ts'
[19:59:53.132] Adding entry into typings cache: 'regenerate' => '/home/stanzu10/.cache/typescript/4.3/node_modules/@types/regenerate/index.d.ts'
[19:59:53.132] Adding entry into typings cache: 'regenerator-runtime' => '/home/stanzu10/.cache/typescript/4.3/node_modules/@types/regenerator-runtime/index.d.ts'
[19:59:53.133] Adding entry into typings cache: 'relateurl' => '/home/stanzu10/.cache/typescript/4.3/node_modules/@types/relateurl/index.d.ts'
[19:59:53.133] Adding entry into typings cache: 'repeat-element' => '/home/stanzu10/.cache/typescript/4.3/node_modules/@types/repeat-element/index.d.ts'
[19:59:53.135] Adding entry into typings cache: 'repeat-string' => '/home/stanzu10/.cache/typescript/4.3/node_modules/@types/repeat-string/index.d.ts'
[19:59:53.136] Adding entry into typings cache: 'request' => '/home/stanzu10/.cache/typescript/4.3/node_modules/@types/request/index.d.ts'
[19:59:53.137] Adding entry into typings cache: 'request-promise-native' => '/home/stanzu10/.cache/typescript/4.3/node_modules/@types/request-promise-native/index.d.ts'
[19:59:53.138] Adding entry into typings cache: 'require-directory' => '/home/stanzu10/.cache/typescript/4.3/node_modules/@types/require-directory/index.d.ts'
[19:59:53.138] Adding entry into typings cache: 'require-from-string' => '/home/stanzu10/.cache/typescript/4.3/node_modules/@types/require-from-string/index.d.ts'
[19:59:53.139] Adding entry into typings cache: 'requires-port' => '/home/stanzu10/.cache/typescript/4.3/node_modules/@types/requires-port/index.d.ts'
[19:59:53.139] Adding entry into typings cache: 'resolve' => '/home/stanzu10/.cache/typescript/4.3/node_modules/@types/resolve/index.d.ts'
[19:59:53.140] Adding entry into typings cache: 'responselike' => '/home/stanzu10/.cache/typescript/4.3/node_modules/@types/responselike/index.d.ts'
[19:59:53.140] Adding entry into typings cache: 'retry' => '/home/stanzu10/.cache/typescript/4.3/node_modules/@types/retry/index.d.ts'
[19:59:53.141] Adding entry into typings cache: 'rimraf' => '/home/stanzu10/.cache/typescript/4.3/node_modules/@types/rimraf/index.d.ts'
[19:59:53.141] Adding entry into typings cache: 'ripemd160' => '/home/stanzu10/.cache/typescript/4.3/node_modules/@types/ripemd160/index.d.ts'
[19:59:53.141] Adding entry into typings cache: 'roarr' => '/home/stanzu10/.cache/typescript/4.3/node_modules/@types/roarr/index.d.ts'
[19:59:53.142] Adding entry into typings cache: 'rsvp' => '/home/stanzu10/.cache/typescript/4.3/node_modules/@types/rsvp/index.d.ts'
[19:59:53.142] Adding entry into typings cache: 'run-parallel' => '/home/stanzu10/.cache/typescript/4.3/node_modules/@types/run-parallel/index.d.ts'
[19:59:53.143] Adding entry into typings cache: 'safe-regex' => '/home/stanzu10/.cache/typescript/4.3/node_modules/@types/safe-regex/index.d.ts'
[19:59:53.143] Adding entry into typings cache: 'safer-buffer' => '/home/stanzu10/.cache/typescript/4.3/node_modules/@types/safer-buffer/index.d.ts'
[19:59:53.143] Adding entry into typings cache: 'sane' => '/home/stanzu10/.cache/typescript/4.3/node_modules/@types/sane/index.d.ts'
[19:59:53.144] Adding entry into typings cache: 'sass-loader' => '/home/stanzu10/.cache/typescript/4.3/node_modules/@types/sass-loader/index.d.ts'
[19:59:53.144] Adding entry into typings cache: 'sax' => '/home/stanzu10/.cache/typescript/4.3/node_modules/@types/sax/index.d.ts'
[19:59:53.144] Adding entry into typings cache: 'scheduler' => '/home/stanzu10/.cache/typescript/4.3/node_modules/@types/scheduler/index.d.ts'
[19:59:53.145] Adding entry into typings cache: 'semver' => '/home/stanzu10/.cache/typescript/4.3/node_modules/@types/semver/index.d.ts'
[19:59:53.145] Adding entry into typings cache: 'semver-compare' => '/home/stanzu10/.cache/typescript/4.3/node_modules/@types/semver-compare/index.d.ts'
[19:59:53.145] Adding entry into typings cache: 'send' => '/home/stanzu10/.cache/typescript/4.3/node_modules/@types/send/index.d.ts'
[19:59:53.146] Adding entry into typings cache: 'serialize-javascript' => '/home/stanzu10/.cache/typescript/4.3/node_modules/@types/serialize-javascript/index.d.ts'
[19:59:53.146] Adding entry into typings cache: 'serve-index' => '/home/stanzu10/.cache/typescript/4.3/node_modules/@types/serve-index/index.d.ts'
[19:59:53.147] Adding entry into typings cache: 'serve-static' => '/home/stanzu10/.cache/typescript/4.3/node_modules/@types/serve-static/index.d.ts'
[19:59:53.147] Adding entry into typings cache: 'set-value' => '/home/stanzu10/.cache/typescript/4.3/node_modules/@types/set-value/index.d.ts'
[19:59:53.148] Adding entry into typings cache: 'setimmediate' => '/home/stanzu10/.cache/typescript/4.3/node_modules/@types/setimmediate/index.d.ts'
[19:59:53.149] Adding entry into typings cache: 'sha.js' => '/home/stanzu10/.cache/typescript/4.3/node_modules/@types/sha.js/index.d.ts'
[19:59:53.150] Adding entry into typings cache: 'shebang-command' => '/home/stanzu10/.cache/typescript/4.3/node_modules/@types/shebang-command/index.d.ts'
[19:59:53.150] Adding entry into typings cache: 'shell-quote' => '/home/stanzu10/.cache/typescript/4.3/node_modules/@types/shell-quote/index.d.ts'
[19:59:53.151] Adding entry into typings cache: 'signal-exit' => '/home/stanzu10/.cache/typescript/4.3/node_modules/@types/signal-exit/index.d.ts'
[19:59:53.151] Adding entry into typings cache: 'slice-ansi' => '/home/stanzu10/.cache/typescript/4.3/node_modules/@types/slice-ansi/index.d.ts'
[19:59:53.151] Adding entry into typings cache: 'sockjs' => '/home/stanzu10/.cache/typescript/4.3/node_modules/@types/sockjs/index.d.ts'
[19:59:53.152] Adding entry into typings cache: 'sockjs-client' => '/home/stanzu10/.cache/typescript/4.3/node_modules/@types/sockjs-client/index.d.ts'
[19:59:53.152] Adding entry into typings cache: 'source-list-map' => '/home/stanzu10/.cache/typescript/4.3/node_modules/@types/source-list-map/index.d.ts'
[19:59:53.153] Adding entry into typings cache: 'source-map-support' => '/home/stanzu10/.cache/typescript/4.3/node_modules/@types/source-map-support/index.d.ts'
[19:59:53.153] Adding entry into typings cache: 'spdx-correct' => '/home/stanzu10/.cache/typescript/4.3/node_modules/@types/spdx-correct/index.d.ts'
[19:59:53.154] Adding entry into typings cache: 'spdx-expression-parse' => '/home/stanzu10/.cache/typescript/4.3/node_modules/@types/spdx-expression-parse/index.d.ts'
[19:59:53.154] Adding entry into typings cache: 'spdy' => '/home/stanzu10/.cache/typescript/4.3/node_modules/@types/spdy/index.d.ts'
[19:59:53.155] Adding entry into typings cache: 'sprintf' => '/home/stanzu10/.cache/typescript/4.3/node_modules/@types/sprintf/index.d.ts'
[19:59:53.155] Adding entry into typings cache: 'sprintf-js' => '/home/stanzu10/.cache/typescript/4.3/node_modules/@types/sprintf-js/index.d.ts'
[19:59:53.155] Adding entry into typings cache: 'sshpk' => '/home/stanzu10/.cache/typescript/4.3/node_modules/@types/sshpk/index.d.ts'
[19:59:53.156] Adding entry into typings cache: 'ssri' => '/home/stanzu10/.cache/typescript/4.3/node_modules/@types/ssri/index.d.ts'
[19:59:53.156] Adding entry into typings cache: 'stack-utils' => '/home/stanzu10/.cache/typescript/4.3/node_modules/@types/stack-utils/index.d.ts'
[19:59:53.156] Adding entry into typings cache: 'statuses' => '/home/stanzu10/.cache/typescript/4.3/node_modules/@types/statuses/index.d.ts'
[19:59:53.157] Adding entry into typings cache: 'stream-each' => '/home/stanzu10/.cache/typescript/4.3/node_modules/@types/stream-each/index.d.ts'
[19:59:53.157] Adding entry into typings cache: 'stream-shift' => '/home/stanzu10/.cache/typescript/4.3/node_modules/@types/stream-shift/index.d.ts'
[19:59:53.157] Adding entry into typings cache: 'strict-uri-encode' => '/home/stanzu10/.cache/typescript/4.3/node_modules/@types/strict-uri-encode/index.d.ts'
[19:59:53.158] Adding entry into typings cache: 'string-natural-compare' => '/home/stanzu10/.cache/typescript/4.3/node_modules/@types/string-natural-compare/index.d.ts'
[19:59:53.158] Adding entry into typings cache: 'string.prototype.matchall' => '/home/stanzu10/.cache/typescript/4.3/node_modules/@types/string.prototype.matchall/index.d.ts'
[19:59:53.159] Adding entry into typings cache: 'stringify-object' => '/home/stanzu10/.cache/typescript/4.3/node_modules/@types/stringify-object/index.d.ts'
[19:59:53.159] Adding entry into typings cache: 'strip-comments' => '/home/stanzu10/.cache/typescript/4.3/node_modules/@types/strip-comments/index.d.ts'
[19:59:53.159] Adding entry into typings cache: 'strip-final-newline' => '/home/stanzu10/.cache/typescript/4.3/node_modules/@types/strip-final-newline/index.d.ts'
[19:59:53.160] Adding entry into typings cache: 'supports-color' => '/home/stanzu10/.cache/typescript/4.3/node_modules/@types/supports-color/index.d.ts'
[19:59:53.160] Adding entry into typings cache: 'svg-parser' => '/home/stanzu10/.cache/typescript/4.3/node_modules/@types/svg-parser/index.d.ts'
[19:59:53.161] Adding entry into typings cache: 'svgo' => '/home/stanzu10/.cache/typescript/4.3/node_modules/@types/svgo/index.d.ts'
[19:59:53.161] Adding entry into typings cache: 'symbol-tree' => '/home/stanzu10/.cache/typescript/4.3/node_modules/@types/symbol-tree/index.d.ts'
[19:59:53.162] Adding entry into typings cache: 'tapable' => '/home/stanzu10/.cache/typescript/4.3/node_modules/tapable/tapable.d.ts'
[19:59:53.162] Adding entry into typings cache: 'tar' => '/home/stanzu10/.cache/typescript/4.3/node_modules/@types/tar/index.d.ts'
[19:59:53.163] Adding entry into typings cache: 'terser-webpack-plugin' => '/home/stanzu10/.cache/typescript/4.3/node_modules/@types/terser-webpack-plugin/index.d.ts'
[19:59:53.164] Adding entry into typings cache: 'testing-library__jest-dom' => '/home/stanzu10/.cache/typescript/4.3/node_modules/@types/testing-library__jest-dom/index.d.ts'
[19:59:53.164] Adding entry into typings cache: 'text-table' => '/home/stanzu10/.cache/typescript/4.3/node_modules/@types/text-table/index.d.ts'
[19:59:53.164] Adding entry into typings cache: 'through2' => '/home/stanzu10/.cache/typescript/4.3/node_modules/@types/through2/index.d.ts'
[19:59:53.165] Adding entry into typings cache: 'thunky' => '/home/stanzu10/.cache/typescript/4.3/node_modules/@types/thunky/index.d.ts'
[19:59:53.165] Adding entry into typings cache: 'timsort' => '/home/stanzu10/.cache/typescript/4.3/node_modules/@types/timsort/index.d.ts'
[19:59:53.165] Adding entry into typings cache: 'tough-cookie' => '/home/stanzu10/.cache/typescript/4.3/node_modules/@types/tough-cookie/index.d.ts'
[19:59:53.166] Adding entry into typings cache: 'tryer' => '/home/stanzu10/.cache/typescript/4.3/node_modules/@types/tryer/index.d.ts'
[19:59:53.167] Adding entry into typings cache: 'tunnel' => '/home/stanzu10/.cache/typescript/4.3/node_modules/@types/tunnel/index.d.ts'
[19:59:53.168] Adding entry into typings cache: 'type-check' => '/home/stanzu10/.cache/typescript/4.3/node_modules/@types/type-check/index.d.ts'
[19:59:53.168] Adding entry into typings cache: 'type-detect' => '/home/stanzu10/.cache/typescript/4.3/node_modules/@types/type-detect/index.d.ts'
[19:59:53.169] Adding entry into typings cache: 'type-is' => '/home/stanzu10/.cache/typescript/4.3/node_modules/@types/type-is/index.d.ts'
[19:59:53.169] Adding entry into typings cache: 'uniq' => '/home/stanzu10/.cache/typescript/4.3/node_modules/@types/uniq/index.d.ts'
[19:59:53.169] Adding entry into typings cache: 'universalify' => '/home/stanzu10/.cache/typescript/4.3/node_modules/@types/universalify/index.d.ts'
[19:59:53.170] Adding entry into typings cache: 'urix' => '/home/stanzu10/.cache/typescript/4.3/node_modules/@types/urix/index.d.ts'
[19:59:53.171] Adding entry into typings cache: 'url-parse' => '/home/stanzu10/.cache/typescript/4.3/node_modules/@types/url-parse/index.d.ts'
[19:59:53.171] Adding entry into typings cache: 'util-deprecate' => '/home/stanzu10/.cache/typescript/4.3/node_modules/@types/util-deprecate/index.d.ts'
[19:59:53.172] Adding entry into typings cache: 'util.promisify' => '/home/stanzu10/.cache/typescript/4.3/node_modules/@types/util.promisify/index.d.ts'
[19:59:53.172] Adding entry into typings cache: 'utils-merge' => '/home/stanzu10/.cache/typescript/4.3/node_modules/@types/utils-merge/index.d.ts'
[19:59:53.172] Adding entry into typings cache: 'uuid' => '/home/stanzu10/.cache/typescript/4.3/node_modules/@types/uuid/index.d.ts'
[19:59:53.172] Adding entry into typings cache: 'validate-npm-package-license' => '/home/stanzu10/.cache/typescript/4.3/node_modules/@types/validate-npm-package-license/index.d.ts'
[19:59:53.173] Adding entry into typings cache: 'vary' => '/home/stanzu10/.cache/typescript/4.3/node_modules/@types/vary/index.d.ts'
[19:59:53.173] Adding entry into typings cache: 'verror' => '/home/stanzu10/.cache/typescript/4.3/node_modules/@types/verror/index.d.ts'
[19:59:53.173] Adding entry into typings cache: 'w3c-hr-time' => '/home/stanzu10/.cache/typescript/4.3/node_modules/@types/w3c-hr-time/index.d.ts'
[19:59:53.174] Adding entry into typings cache: 'w3c-xmlserializer' => '/home/stanzu10/.cache/typescript/4.3/node_modules/@types/w3c-xmlserializer/index.d.ts'
[19:59:53.174] Adding entry into typings cache: 'wait-on' => '/home/stanzu10/.cache/typescript/4.3/node_modules/@types/wait-on/index.d.ts'
[19:59:53.175] Adding entry into typings cache: 'watchpack' => '/home/stanzu10/.cache/typescript/4.3/node_modules/@types/watchpack/index.d.ts'
[19:59:53.175] Adding entry into typings cache: 'webidl-conversions' => '/home/stanzu10/.cache/typescript/4.3/node_modules/@types/webidl-conversions/index.d.ts'
[19:59:53.176] Adding entry into typings cache: 'webpack' => '/home/stanzu10/.cache/typescript/4.3/node_modules/webpack/types.d.ts'
[19:59:53.176] Adding entry into typings cache: 'webpack-dev-middleware' => '/home/stanzu10/.cache/typescript/4.3/node_modules/@types/webpack-dev-middleware/index.d.ts'
[19:59:53.177] Adding entry into typings cache: 'webpack-dev-server' => '/home/stanzu10/.cache/typescript/4.3/node_modules/@types/webpack-dev-server/index.d.ts'
[19:59:53.177] Adding entry into typings cache: 'webpack-manifest-plugin' => '/home/stanzu10/.cache/typescript/4.3/node_modules/@types/webpack-manifest-plugin/index.d.ts'
[19:59:53.178] Adding entry into typings cache: 'webpack-sources' => '/home/stanzu10/.cache/typescript/4.3/node_modules/@types/webpack-sources/index.d.ts'
[19:59:53.178] Adding entry into typings cache: 'whatwg-encoding' => '/home/stanzu10/.cache/typescript/4.3/node_modules/@types/whatwg-encoding/index.d.ts'
[19:59:53.179] Adding entry into typings cache: 'whatwg-mimetype' => '/home/stanzu10/.cache/typescript/4.3/node_modules/@types/whatwg-mimetype/index.d.ts'
[19:59:53.179] Adding entry into typings cache: 'whatwg-url' => '/home/stanzu10/.cache/typescript/4.3/node_modules/@types/whatwg-url/index.d.ts'
[19:59:53.179] Adding entry into typings cache: 'which' => '/home/stanzu10/.cache/typescript/4.3/node_modules/@types/which/index.d.ts'
[19:59:53.180] Adding entry into typings cache: 'workbox-build' => '/home/stanzu10/.cache/typescript/4.3/node_modules/@types/workbox-build/index.d.ts'
[19:59:53.180] Adding entry into typings cache: 'workbox-sw' => '/home/stanzu10/.cache/typescript/4.3/node_modules/@types/workbox-sw/index.d.ts'
[19:59:53.181] Adding entry into typings cache: 'workbox-webpack-plugin' => '/home/stanzu10/.cache/typescript/4.3/node_modules/@types/workbox-webpack-plugin/index.d.ts'
[19:59:53.181] Adding entry into typings cache: 'wrap-ansi' => '/home/stanzu10/.cache/typescript/4.3/node_modules/@types/wrap-ansi/index.d.ts'
[19:59:53.182] Adding entry into typings cache: 'write-file-atomic' => '/home/stanzu10/.cache/typescript/4.3/node_modules/@types/write-file-atomic/index.d.ts'
[19:59:53.182] Adding entry into typings cache: 'ws' => '/home/stanzu10/.cache/typescript/4.3/node_modules/@types/ws/index.d.ts'
[19:59:53.182] Adding entry into typings cache: 'xtend' => '/home/stanzu10/.cache/typescript/4.3/node_modules/@types/xtend/index.d.ts'
[19:59:53.183] Adding entry into typings cache: 'y18n' => '/home/stanzu10/.cache/typescript/4.3/node_modules/@types/y18n/index.d.ts'
[19:59:53.183] Adding entry into typings cache: 'yallist' => '/home/stanzu10/.cache/typescript/4.3/node_modules/@types/yallist/index.d.ts'
[19:59:53.183] Adding entry into typings cache: 'yargs' => '/home/stanzu10/.cache/typescript/4.3/node_modules/@types/yargs/index.d.ts'
[19:59:53.185] Adding entry into typings cache: 'yargs-parser' => '/home/stanzu10/.cache/typescript/4.3/node_modules/@types/yargs-parser/index.d.ts'
[19:59:53.186] Adding entry into typings cache: 'yauzl' => '/home/stanzu10/.cache/typescript/4.3/node_modules/@types/yauzl/index.d.ts'
[19:59:53.186] Finished processing cache location '/home/stanzu10/.cache/typescript/4.3'
[19:59:53.186] Process id: 52505
[19:59:53.186] NPM location: /home/stanzu10/.nvm/versions/node/v14.16.1/bin/npm (explicit '--npmLocation' not  provided)
[19:59:53.186] validateDefaultNpmLocation: false
[19:59:53.187] Npm config file: /home/stanzu10/.cache/typescript/4.3/package.json
[19:59:53.187] Updating types-registry npm package...
[19:59:53.187] Exec: /home/stanzu10/.nvm/versions/node/v14.16.1/bin/npm install --ignore-scripts types-registry@latest
[19:59:56.121]     Succeeded. stdout:
    
    up to date, audited 751 packages in 3s

18 packages are looking for funding
  run `npm fund` for details

15 moderate severity vulnerabilities

Some issues need review, and may require choosing
a different dependency.

Run `npm audit` for details.

[19:59:56.121] Updated types-registry npm package
[19:59:56.135] Got install request {"projectName":"/dev/null/inferredProject1*","fileNames":["/home/stanzu10/Dev/git/spotify/node_modules/typescript/lib/lib.es5.d.ts","/home/stanzu10/Dev/git/spotify/node_modules/typescript/lib/lib.es2015.d.ts","/home/stanzu10/Dev/git/spotify/node_modules/typescript/lib/lib.es2016.d.ts","/home/stanzu10/Dev/git/spotify/node_modules/typescript/lib/lib.dom.d.ts","/home/stanzu10/Dev/git/spotify/node_modules/typescript/lib/lib.dom.iterable.d.ts","/home/stanzu10/Dev/git/spotify/node_modules/typescript/lib/lib.webworker.importscripts.d.ts","/home/stanzu10/Dev/git/spotify/node_modules/typescript/lib/lib.scripthost.d.ts","/home/stanzu10/Dev/git/spotify/node_modules/typescript/lib/lib.es2015.core.d.ts","/home/stanzu10/Dev/git/spotify/node_modules/typescript/lib/lib.es2015.collection.d.ts","/home/stanzu10/Dev/git/spotify/node_modules/typescript/lib/lib.es2015.generator.d.ts","/home/stanzu10/Dev/git/spotify/node_modules/typescript/lib/lib.es2015.iterable.d.ts","/home/stanzu10/Dev/git/spotify/node_modules/typescript/lib/lib.es2015.promise.d.ts","/home/stanzu10/Dev/git/spotify/node_modules/typescript/lib/lib.es2015.proxy.d.ts","/home/stanzu10/Dev/git/spotify/node_modules/typescript/lib/lib.es2015.reflect.d.ts","/home/stanzu10/Dev/git/spotify/node_modules/typescript/lib/lib.es2015.symbol.d.ts","/home/stanzu10/Dev/git/spotify/node_modules/typescript/lib/lib.es2015.symbol.wellknown.d.ts","/home/stanzu10/Dev/git/spotify/node_modules/typescript/lib/lib.es2016.array.include.d.ts","/home/stanzu10/Dev/git/spotify/node_modules/typescript/lib/lib.es2016.full.d.ts","/home/stanzu10/Dev/git/spotify/src/Album.jsx"],"compilerOptions":{"module":1,"target":3,"jsx":1,"allowJs":true,"allowSyntheticDefaultImports":true,"allowNonTsExtensions":true,"noEmitForJsFiles":true,"maxNodeModuleJsDepth":2},"typeAcquisition":{"enable":true,"include":[],"exclude":[]},"unresolvedImports":[],"projectRootPath":"/home/stanzu10/Dev/git/spotify/src","kind":"discover"}
[19:59:56.138] Loaded safelist from types map file '/home/stanzu10/Dev/git/spotify/node_modules/typescript/lib/typesMap.json'
[19:59:56.139] Explicitly included types: []
[19:59:56.140] Inferred 'react' typings due to presence of '.jsx' extension
[19:59:56.140] Inferred typings from unresolved imports: []
[19:59:56.140] Result: {"cachedTypingPaths":["/home/stanzu10/.cache/typescript/4.3/node_modules/@types/react/index.d.ts"],"newTypingNames":[],"filesToWatch":["/home/stanzu10/Dev/git/spotify/src/bower_components","/home/stanzu10/Dev/git/spotify/src/node_modules"]}
[19:59:56.140] Finished typings discovery: {"cachedTypingPaths":["/home/stanzu10/.cache/typescript/4.3/node_modules/@types/react/index.d.ts"],"newTypingNames":[],"filesToWatch":["/home/stanzu10/Dev/git/spotify/src/bower_components","/home/stanzu10/Dev/git/spotify/src/node_modules"]}
[19:59:56.141] DirectoryWatcher:: Added:: WatchInfo: /home/stanzu10/Dev/git/spotify/src/bower_components
[19:59:56.141] DirectoryWatcher:: Added:: WatchInfo: /home/stanzu10/Dev/git/spotify/src/bower_components 1 undefined Project: /dev/null/inferredProject1* watcher already invoked: false
[19:59:56.143] Elapsed:: 1.9511750042438507ms DirectoryWatcher:: Added:: WatchInfo: /home/stanzu10/Dev/git/spotify/src/bower_components 1 undefined Project: /dev/null/inferredProject1* watcher already invoked: false
[19:59:56.143] DirectoryWatcher:: Added:: WatchInfo: /home/stanzu10/Dev/git/spotify/src/node_modules
[19:59:56.143] DirectoryWatcher:: Added:: WatchInfo: /home/stanzu10/Dev/git/spotify/src/node_modules 1 undefined Project: /dev/null/inferredProject1* watcher already invoked: false
[19:59:56.144] Elapsed:: 0.19075199961662292ms DirectoryWatcher:: Added:: WatchInfo: /home/stanzu10/Dev/git/spotify/src/node_modules 1 undefined Project: /dev/null/inferredProject1* watcher already invoked: false
[19:59:56.144] Sending response:
    {"projectName":"/dev/null/inferredProject1*","typeAcquisition":{"enable":true,"include":[],"exclude":[]},"compilerOptions":{"module":1,"target":3,"jsx":1,"allowJs":true,"allowSyntheticDefaultImports":true,"allowNonTsExtensions":true,"noEmitForJsFiles":true,"maxNodeModuleJsDepth":2},"typings":["/home/stanzu10/.cache/typescript/4.3/node_modules/@types/react/index.d.ts"],"unresolvedImports":[],"kind":"action::set"}
[19:59:56.144] Response has been sent.
[19:59:56.144] No new typings were requested as a result of typings discovery
[20:01:56.966] Got install request {"projectName":"/dev/null/inferredProject2*","fileNames":["/home/stanzu10/Dev/git/spotify/node_modules/typescript/lib/lib.es5.d.ts","/home/stanzu10/Dev/git/spotify/node_modules/typescript/lib/lib.es2015.d.ts","/home/stanzu10/Dev/git/spotify/node_modules/typescript/lib/lib.es2016.d.ts","/home/stanzu10/Dev/git/spotify/node_modules/typescript/lib/lib.dom.d.ts","/home/stanzu10/Dev/git/spotify/node_modules/typescript/lib/lib.dom.iterable.d.ts","/home/stanzu10/Dev/git/spotify/node_modules/typescript/lib/lib.webworker.importscripts.d.ts","/home/stanzu10/Dev/git/spotify/node_modules/typescript/lib/lib.scripthost.d.ts","/home/stanzu10/Dev/git/spotify/node_modules/typescript/lib/lib.es2015.core.d.ts","/home/stanzu10/Dev/git/spotify/node_modules/typescript/lib/lib.es2015.collection.d.ts","/home/stanzu10/Dev/git/spotify/node_modules/typescript/lib/lib.es2015.generator.d.ts","/home/stanzu10/Dev/git/spotify/node_modules/typescript/lib/lib.es2015.iterable.d.ts","/home/stanzu10/Dev/git/spotify/node_modules/typescript/lib/lib.es2015.promise.d.ts","/home/stanzu10/Dev/git/spotify/node_modules/typescript/lib/lib.es2015.proxy.d.ts","/home/stanzu10/Dev/git/spotify/node_modules/typescript/lib/lib.es2015.reflect.d.ts","/home/stanzu10/Dev/git/spotify/node_modules/typescript/lib/lib.es2015.symbol.d.ts","/home/stanzu10/Dev/git/spotify/node_modules/typescript/lib/lib.es2015.symbol.wellknown.d.ts","/home/stanzu10/Dev/git/spotify/node_modules/typescript/lib/lib.es2016.array.include.d.ts","/home/stanzu10/Dev/git/spotify/node_modules/typescript/lib/lib.es2016.full.d.ts","/home/stanzu10/Dev/git/spotify/src/Album.jsx","/home/stanzu10/Dev/git/spotify/src/App.js"],"compilerOptions":{"module":1,"target":3,"jsx":1,"allowJs":true,"allowSyntheticDefaultImports":true,"allowNonTsExtensions":true,"noEmitForJsFiles":true,"maxNodeModuleJsDepth":2},"typeAcquisition":{"enable":true,"include":[],"exclude":[]},"unresolvedImports":[],"projectRootPath":"/home/stanzu10/Dev/git/spotify/src","kind":"discover"}
[20:01:56.966] Explicitly included types: []
[20:01:56.966] Inferred 'react' typings due to presence of '.jsx' extension
[20:01:56.966] Inferred typings from unresolved imports: []
[20:01:56.966] Result: {"cachedTypingPaths":["/home/stanzu10/.cache/typescript/4.3/node_modules/@types/react/index.d.ts"],"newTypingNames":[],"filesToWatch":["/home/stanzu10/Dev/git/spotify/src/bower_components","/home/stanzu10/Dev/git/spotify/src/node_modules"]}
[20:01:56.966] Finished typings discovery: {"cachedTypingPaths":["/home/stanzu10/.cache/typescript/4.3/node_modules/@types/react/index.d.ts"],"newTypingNames":[],"filesToWatch":["/home/stanzu10/Dev/git/spotify/src/bower_components","/home/stanzu10/Dev/git/spotify/src/node_modules"]}
[20:01:56.967] DirectoryWatcher:: Added:: WatchInfo: /home/stanzu10/Dev/git/spotify/src/bower_components
[20:01:56.967] DirectoryWatcher:: Added:: WatchInfo: /home/stanzu10/Dev/git/spotify/src/bower_components 1 undefined Project: /dev/null/inferredProject2* watcher already invoked: false
[20:01:56.967] Elapsed:: 0.018860995769500732ms DirectoryWatcher:: Added:: WatchInfo: /home/stanzu10/Dev/git/spotify/src/bower_components 1 undefined Project: /dev/null/inferredProject2* watcher already invoked: false
[20:01:56.967] DirectoryWatcher:: Added:: WatchInfo: /home/stanzu10/Dev/git/spotify/src/node_modules
[20:01:56.967] DirectoryWatcher:: Added:: WatchInfo: /home/stanzu10/Dev/git/spotify/src/node_modules 1 undefined Project: /dev/null/inferredProject2* watcher already invoked: false
[20:01:56.967] Elapsed:: 0.012349002063274384ms DirectoryWatcher:: Added:: WatchInfo: /home/stanzu10/Dev/git/spotify/src/node_modules 1 undefined Project: /dev/null/inferredProject2* watcher already invoked: false
[20:01:56.967] Sending response:
    {"projectName":"/dev/null/inferredProject2*","typeAcquisition":{"enable":true,"include":[],"exclude":[]},"compilerOptions":{"module":1,"target":3,"jsx":1,"allowJs":true,"allowSyntheticDefaultImports":true,"allowNonTsExtensions":true,"noEmitForJsFiles":true,"maxNodeModuleJsDepth":2},"typings":["/home/stanzu10/.cache/typescript/4.3/node_modules/@types/react/index.d.ts"],"unresolvedImports":[],"kind":"action::set"}
[20:01:56.967] Response has been sent.
[20:01:56.967] No new typings were requested as a result of typings discovery
[20:07:46.767] Got install request {"projectName":"/dev/null/inferredProject2*","fileNames":["/home/stanzu10/Dev/git/spotify/node_modules/typescript/lib/lib.es5.d.ts","/home/stanzu10/Dev/git/spotify/node_modules/typescript/lib/lib.es2015.d.ts","/home/stanzu10/Dev/git/spotify/node_modules/typescript/lib/lib.es2016.d.ts","/home/stanzu10/Dev/git/spotify/node_modules/typescript/lib/lib.dom.d.ts","/home/stanzu10/Dev/git/spotify/node_modules/typescript/lib/lib.dom.iterable.d.ts","/home/stanzu10/Dev/git/spotify/node_modules/typescript/lib/lib.webworker.importscripts.d.ts","/home/stanzu10/Dev/git/spotify/node_modules/typescript/lib/lib.scripthost.d.ts","/home/stanzu10/Dev/git/spotify/node_modules/typescript/lib/lib.es2015.core.d.ts","/home/stanzu10/Dev/git/spotify/node_modules/typescript/lib/lib.es2015.collection.d.ts","/home/stanzu10/Dev/git/spotify/node_modules/typescript/lib/lib.es2015.generator.d.ts","/home/stanzu10/Dev/git/spotify/node_modules/typescript/lib/lib.es2015.iterable.d.ts","/home/stanzu10/Dev/git/spotify/node_modules/typescript/lib/lib.es2015.promise.d.ts","/home/stanzu10/Dev/git/spotify/node_modules/typescript/lib/lib.es2015.proxy.d.ts","/home/stanzu10/Dev/git/spotify/node_modules/typescript/lib/lib.es2015.reflect.d.ts","/home/stanzu10/Dev/git/spotify/node_modules/typescript/lib/lib.es2015.symbol.d.ts","/home/stanzu10/Dev/git/spotify/node_modules/typescript/lib/lib.es2015.symbol.wellknown.d.ts","/home/stanzu10/Dev/git/spotify/node_modules/typescript/lib/lib.es2016.array.include.d.ts","/home/stanzu10/Dev/git/spotify/node_modules/typescript/lib/lib.es2016.full.d.ts","/home/stanzu10/.cache/typescript/4.3/node_modules/@types/react/global.d.ts","/home/stanzu10/.cache/typescript/4.3/node_modules/@types/react/index.d.ts","/home/stanzu10/Dev/git/spotify/src/Album.jsx"],"compilerOptions":{"module":1,"target":3,"jsx":1,"allowJs":true,"allowSyntheticDefaultImports":true,"allowNonTsExtensions":true,"noEmitForJsFiles":true,"maxNodeModuleJsDepth":2},"typeAcquisition":{"enable":true,"include":[],"exclude":[]},"unresolvedImports":[],"projectRootPath":"/home/stanzu10/Dev/git/spotify/src","kind":"discover"}
[20:07:46.767] Explicitly included types: []
[20:07:46.767] Inferred 'react' typings due to presence of '.jsx' extension
[20:07:46.767] Inferred typings from unresolved imports: []
[20:07:46.768] Result: {"cachedTypingPaths":["/home/stanzu10/.cache/typescript/4.3/node_modules/@types/react/index.d.ts"],"newTypingNames":[],"filesToWatch":["/home/stanzu10/Dev/git/spotify/src/bower_components","/home/stanzu10/Dev/git/spotify/src/node_modules"]}
[20:07:46.768] Finished typings discovery: {"cachedTypingPaths":["/home/stanzu10/.cache/typescript/4.3/node_modules/@types/react/index.d.ts"],"newTypingNames":[],"filesToWatch":["/home/stanzu10/Dev/git/spotify/src/bower_components","/home/stanzu10/Dev/git/spotify/src/node_modules"]}
[20:07:46.768] Sending response:
    {"projectName":"/dev/null/inferredProject2*","typeAcquisition":{"enable":true,"include":[],"exclude":[]},"compilerOptions":{"module":1,"target":3,"jsx":1,"allowJs":true,"allowSyntheticDefaultImports":true,"allowNonTsExtensions":true,"noEmitForJsFiles":true,"maxNodeModuleJsDepth":2},"typings":["/home/stanzu10/.cache/typescript/4.3/node_modules/@types/react/index.d.ts"],"unresolvedImports":[],"kind":"action::set"}
[20:07:46.768] Response has been sent.
[20:07:46.768] No new typings were requested as a result of typings discovery
[20:07:46.849] Got install request {"projectName":"/dev/null/inferredProject3*","fileNames":["/home/stanzu10/Dev/git/spotify/node_modules/typescript/lib/lib.es5.d.ts","/home/stanzu10/Dev/git/spotify/node_modules/typescript/lib/lib.es2015.d.ts","/home/stanzu10/Dev/git/spotify/node_modules/typescript/lib/lib.es2016.d.ts","/home/stanzu10/Dev/git/spotify/node_modules/typescript/lib/lib.dom.d.ts","/home/stanzu10/Dev/git/spotify/node_modules/typescript/lib/lib.dom.iterable.d.ts","/home/stanzu10/Dev/git/spotify/node_modules/typescript/lib/lib.webworker.importscripts.d.ts","/home/stanzu10/Dev/git/spotify/node_modules/typescript/lib/lib.scripthost.d.ts","/home/stanzu10/Dev/git/spotify/node_modules/typescript/lib/lib.es2015.core.d.ts","/home/stanzu10/Dev/git/spotify/node_modules/typescript/lib/lib.es2015.collection.d.ts","/home/stanzu10/Dev/git/spotify/node_modules/typescript/lib/lib.es2015.generator.d.ts","/home/stanzu10/Dev/git/spotify/node_modules/typescript/lib/lib.es2015.iterable.d.ts","/home/stanzu10/Dev/git/spotify/node_modules/typescript/lib/lib.es2015.promise.d.ts","/home/stanzu10/Dev/git/spotify/node_modules/typescript/lib/lib.es2015.proxy.d.ts","/home/stanzu10/Dev/git/spotify/node_modules/typescript/lib/lib.es2015.reflect.d.ts","/home/stanzu10/Dev/git/spotify/node_modules/typescript/lib/lib.es2015.symbol.d.ts","/home/stanzu10/Dev/git/spotify/node_modules/typescript/lib/lib.es2015.symbol.wellknown.d.ts","/home/stanzu10/Dev/git/spotify/node_modules/typescript/lib/lib.es2016.array.include.d.ts","/home/stanzu10/Dev/git/spotify/node_modules/typescript/lib/lib.es2016.full.d.ts","/home/stanzu10/Dev/git/spotify/src/Album.jsx","/home/stanzu10/Dev/git/spotify/src/App.jsx"],"compilerOptions":{"module":1,"target":3,"jsx":1,"allowJs":true,"allowSyntheticDefaultImports":true,"allowNonTsExtensions":true,"noEmitForJsFiles":true,"maxNodeModuleJsDepth":2},"typeAcquisition":{"enable":true,"include":[],"exclude":[]},"unresolvedImports":[],"projectRootPath":"/home/stanzu10/Dev/git/spotify/src","kind":"discover"}
[20:07:46.849] Explicitly included types: []
[20:07:46.850] Inferred 'react' typings due to presence of '.jsx' extension
[20:07:46.850] Inferred typings from unresolved imports: []
[20:07:46.850] Result: {"cachedTypingPaths":["/home/stanzu10/.cache/typescript/4.3/node_modules/@types/react/index.d.ts"],"newTypingNames":[],"filesToWatch":["/home/stanzu10/Dev/git/spotify/src/bower_components","/home/stanzu10/Dev/git/spotify/src/node_modules"]}
[20:07:46.850] Finished typings discovery: {"cachedTypingPaths":["/home/stanzu10/.cache/typescript/4.3/node_modules/@types/react/index.d.ts"],"newTypingNames":[],"filesToWatch":["/home/stanzu10/Dev/git/spotify/src/bower_components","/home/stanzu10/Dev/git/spotify/src/node_modules"]}
[20:07:46.850] DirectoryWatcher:: Added:: WatchInfo: /home/stanzu10/Dev/git/spotify/src/bower_components
[20:07:46.850] DirectoryWatcher:: Added:: WatchInfo: /home/stanzu10/Dev/git/spotify/src/bower_components 1 undefined Project: /dev/null/inferredProject3* watcher already invoked: false
[20:07:46.850] Elapsed:: 0.014944002032279968ms DirectoryWatcher:: Added:: WatchInfo: /home/stanzu10/Dev/git/spotify/src/bower_components 1 undefined Project: /dev/null/inferredProject3* watcher already invoked: false
[20:07:46.850] DirectoryWatcher:: Added:: WatchInfo: /home/stanzu10/Dev/git/spotify/src/node_modules
[20:07:46.850] DirectoryWatcher:: Added:: WatchInfo: /home/stanzu10/Dev/git/spotify/src/node_modules 1 undefined Project: /dev/null/inferredProject3* watcher already invoked: false
[20:07:46.850] Elapsed:: 0.011727005243301392ms DirectoryWatcher:: Added:: WatchInfo: /home/stanzu10/Dev/git/spotify/src/node_modules 1 undefined Project: /dev/null/inferredProject3* watcher already invoked: false
[20:07:46.850] Sending response:
    {"projectName":"/dev/null/inferredProject3*","typeAcquisition":{"enable":true,"include":[],"exclude":[]},"compilerOptions":{"module":1,"target":3,"jsx":1,"allowJs":true,"allowSyntheticDefaultImports":true,"allowNonTsExtensions":true,"noEmitForJsFiles":true,"maxNodeModuleJsDepth":2},"typings":["/home/stanzu10/.cache/typescript/4.3/node_modules/@types/react/index.d.ts"],"unresolvedImports":[],"kind":"action::set"}
[20:07:46.850] Response has been sent.
[20:07:46.850] No new typings were requested as a result of typings discovery
[20:09:01.896] Got install request {"projectName":"/dev/null/inferredProject4*","fileNames":["/home/stanzu10/Dev/git/spotify/node_modules/typescript/lib/lib.es5.d.ts","/home/stanzu10/Dev/git/spotify/node_modules/typescript/lib/lib.es2015.d.ts","/home/stanzu10/Dev/git/spotify/node_modules/typescript/lib/lib.es2016.d.ts","/home/stanzu10/Dev/git/spotify/node_modules/typescript/lib/lib.dom.d.ts","/home/stanzu10/Dev/git/spotify/node_modules/typescript/lib/lib.dom.iterable.d.ts","/home/stanzu10/Dev/git/spotify/node_modules/typescript/lib/lib.webworker.importscripts.d.ts","/home/stanzu10/Dev/git/spotify/node_modules/typescript/lib/lib.scripthost.d.ts","/home/stanzu10/Dev/git/spotify/node_modules/typescript/lib/lib.es2015.core.d.ts","/home/stanzu10/Dev/git/spotify/node_modules/typescript/lib/lib.es2015.collection.d.ts","/home/stanzu10/Dev/git/spotify/node_modules/typescript/lib/lib.es2015.generator.d.ts","/home/stanzu10/Dev/git/spotify/node_modules/typescript/lib/lib.es2015.iterable.d.ts","/home/stanzu10/Dev/git/spotify/node_modules/typescript/lib/lib.es2015.promise.d.ts","/home/stanzu10/Dev/git/spotify/node_modules/typescript/lib/lib.es2015.proxy.d.ts","/home/stanzu10/Dev/git/spotify/node_modules/typescript/lib/lib.es2015.reflect.d.ts","/home/stanzu10/Dev/git/spotify/node_modules/typescript/lib/lib.es2015.symbol.d.ts","/home/stanzu10/Dev/git/spotify/node_modules/typescript/lib/lib.es2015.symbol.wellknown.d.ts","/home/stanzu10/Dev/git/spotify/node_modules/typescript/lib/lib.es2016.array.include.d.ts","/home/stanzu10/Dev/git/spotify/node_modules/typescript/lib/lib.es2016.full.d.ts","/home/stanzu10/Dev/git/spotify/src/Album.jsx","/home/stanzu10/Dev/git/spotify/src/App.jsx","/home/stanzu10/Dev/git/spotify/src/reportWebVitals.js","/home/stanzu10/Dev/git/spotify/src/index.js"],"compilerOptions":{"module":1,"target":3,"jsx":1,"allowJs":true,"allowSyntheticDefaultImports":true,"allowNonTsExtensions":true,"noEmitForJsFiles":true,"maxNodeModuleJsDepth":2},"typeAcquisition":{"enable":true,"include":[],"exclude":[]},"unresolvedImports":[],"projectRootPath":"/home/stanzu10/Dev/git/spotify/src","kind":"discover"}
[20:09:01.896] Explicitly included types: []
[20:09:01.896] Inferred 'react' typings due to presence of '.jsx' extension
[20:09:01.896] Inferred typings from unresolved imports: []
[20:09:01.897] Result: {"cachedTypingPaths":["/home/stanzu10/.cache/typescript/4.3/node_modules/@types/react/index.d.ts"],"newTypingNames":[],"filesToWatch":["/home/stanzu10/Dev/git/spotify/src/bower_components","/home/stanzu10/Dev/git/spotify/src/node_modules"]}
[20:09:01.897] Finished typings discovery: {"cachedTypingPaths":["/home/stanzu10/.cache/typescript/4.3/node_modules/@types/react/index.d.ts"],"newTypingNames":[],"filesToWatch":["/home/stanzu10/Dev/git/spotify/src/bower_components","/home/stanzu10/Dev/git/spotify/src/node_modules"]}
[20:09:01.897] DirectoryWatcher:: Added:: WatchInfo: /home/stanzu10/Dev/git/spotify/src/bower_components
[20:09:01.897] DirectoryWatcher:: Added:: WatchInfo: /home/stanzu10/Dev/git/spotify/src/bower_components 1 undefined Project: /dev/null/inferredProject4* watcher already invoked: false
[20:09:01.897] Elapsed:: 0.01477699726819992ms DirectoryWatcher:: Added:: WatchInfo: /home/stanzu10/Dev/git/spotify/src/bower_components 1 undefined Project: /dev/null/inferredProject4* watcher already invoked: false
[20:09:01.897] DirectoryWatcher:: Added:: WatchInfo: /home/stanzu10/Dev/git/spotify/src/node_modules
[20:09:01.897] DirectoryWatcher:: Added:: WatchInfo: /home/stanzu10/Dev/git/spotify/src/node_modules 1 undefined Project: /dev/null/inferredProject4* watcher already invoked: false
[20:09:01.897] Elapsed:: 0.005919001996517181ms DirectoryWatcher:: Added:: WatchInfo: /home/stanzu10/Dev/git/spotify/src/node_modules 1 undefined Project: /dev/null/inferredProject4* watcher already invoked: false
[20:09:01.897] Sending response:
    {"projectName":"/dev/null/inferredProject4*","typeAcquisition":{"enable":true,"include":[],"exclude":[]},"compilerOptions":{"module":1,"target":3,"jsx":1,"allowJs":true,"allowSyntheticDefaultImports":true,"allowNonTsExtensions":true,"noEmitForJsFiles":true,"maxNodeModuleJsDepth":2},"typings":["/home/stanzu10/.cache/typescript/4.3/node_modules/@types/react/index.d.ts"],"unresolvedImports":[],"kind":"action::set"}
[20:09:01.897] Response has been sent.
[20:09:01.897] No new typings were requested as a result of typings discovery
