Info 0    [10:49:48.107] Starting TS Server
Info 1    [10:49:48.107] Version: 4.3.2
Info 2    [10:49:48.107] Arguments: /home/stanzu10/.nvm/versions/node/v14.16.1/bin/node /home/stanzu10/Dev/git/spotify/node_modules/.bin/tsserver --logFile /home/stanzu10/Dev/git/spotify/.log/tsserver.log --logVerbosity info --cancellationPipeName /tmp/a4ebf9f99e5c6daf01410130028e2722/tscancellation*
Info 3    [10:49:48.107] Platform: linux NodeVersion: 14 CaseSensitive: true
Info 4    [10:49:48.107] ServerMode: undefined syntaxOnly: false hasUnknownServerMode: undefined
Info 5    [10:49:48.119] Search path: /home/stanzu10/Dev/git/spotify/src
Info 6    [10:49:48.119] For info: /home/stanzu10/Dev/git/spotify/src/App.jsx :: No config files found.
Info 7    [10:49:48.123] Starting updateGraphWorker: Project: /dev/null/inferredProject1*
Info 8    [10:49:50.361] Finishing updateGraphWorker: Project: /dev/null/inferredProject1* Version: 1 structureChanged: true Elapsed: 2238.1164959985763ms
Info 9    [10:49:50.361] Project '/dev/null/inferredProject1*' (Inferred)
Info 10   [10:49:50.361] 	Files (199)

Info 11   [10:49:50.361] -----------------------------------------------
Info 12   [10:49:50.388] Starting updateGraphWorker: Project: /dev/null/autoImportProviderProject1*
Info 13   [10:49:51.208] Finishing updateGraphWorker: Project: /dev/null/autoImportProviderProject1* Version: 1 structureChanged: true Elapsed: 819.1054720003158ms
Info 14   [10:49:51.208] Project '/dev/null/autoImportProviderProject1*' (AutoImportProvider)
Info 15   [10:49:51.208] 	Files (92)

Info 16   [10:49:51.208] -----------------------------------------------
Info 17   [10:49:54.257] DirectoryWatcher:: Triggered with /home/stanzu10/.cache/typescript/4.3/node_modules/bindings 0:: WatchInfo: /home/stanzu10/.cache/typescript/4.3/node_modules 1 undefined Project: /dev/null/inferredProject1* WatchType: Failed Lookup Locations
Info 18   [10:49:54.257] Elapsed:: 0.22082499973475933ms DirectoryWatcher:: Triggered with /home/stanzu10/.cache/typescript/4.3/node_modules/bindings 0:: WatchInfo: /home/stanzu10/.cache/typescript/4.3/node_modules 1 undefined Project: /dev/null/inferredProject1* WatchType: Failed Lookup Locations
Info 19   [10:49:54.257] DirectoryWatcher:: Triggered with /home/stanzu10/.cache/typescript/4.3/node_modules/fsevents 1:: WatchInfo: /home/stanzu10/.cache/typescript/4.3/node_modules 1 undefined Project: /dev/null/inferredProject1* WatchType: Failed Lookup Locations
Info 20   [10:49:54.257] Elapsed:: 0.04574500024318695ms DirectoryWatcher:: Triggered with /home/stanzu10/.cache/typescript/4.3/node_modules/fsevents 1:: WatchInfo: /home/stanzu10/.cache/typescript/4.3/node_modules 1 undefined Project: /dev/null/inferredProject1* WatchType: Failed Lookup Locations
Info 21   [10:49:54.257] DirectoryWatcher:: Triggered with /home/stanzu10/.cache/typescript/4.3/node_modules/file-uri-to-path 2:: WatchInfo: /home/stanzu10/.cache/typescript/4.3/node_modules 1 undefined Project: /dev/null/inferredProject1* WatchType: Failed Lookup Locations
Info 22   [10:49:54.257] Elapsed:: 0.02810000069439411ms DirectoryWatcher:: Triggered with /home/stanzu10/.cache/typescript/4.3/node_modules/file-uri-to-path 2:: WatchInfo: /home/stanzu10/.cache/typescript/4.3/node_modules 1 undefined Project: /dev/null/inferredProject1* WatchType: Failed Lookup Locations
Info 23   [10:49:54.257] DirectoryWatcher:: Triggered with /home/stanzu10/.cache/typescript/4.3/node_modules/nan 3:: WatchInfo: /home/stanzu10/.cache/typescript/4.3/node_modules 1 undefined Project: /dev/null/inferredProject1* WatchType: Failed Lookup Locations
Info 24   [10:49:54.257] Elapsed:: 0.030116001144051552ms DirectoryWatcher:: Triggered with /home/stanzu10/.cache/typescript/4.3/node_modules/nan 3:: WatchInfo: /home/stanzu10/.cache/typescript/4.3/node_modules 1 undefined Project: /dev/null/inferredProject1* WatchType: Failed Lookup Locations
Info 25   [10:49:54.257] DirectoryWatcher:: Triggered with /home/stanzu10/.cache/typescript/4.3/node_modules/fsevents 4:: WatchInfo: /home/stanzu10/.cache/typescript/4.3/node_modules 1 undefined Project: /dev/null/inferredProject1* WatchType: Failed Lookup Locations
Info 26   [10:49:54.257] Elapsed:: 0.025874998420476913ms DirectoryWatcher:: Triggered with /home/stanzu10/.cache/typescript/4.3/node_modules/fsevents 4:: WatchInfo: /home/stanzu10/.cache/typescript/4.3/node_modules 1 undefined Project: /dev/null/inferredProject1* WatchType: Failed Lookup Locations
Info 27   [10:49:54.257] DirectoryWatcher:: Triggered with /home/stanzu10/.cache/typescript/4.3/node_modules/bindings 5:: WatchInfo: /home/stanzu10/.cache/typescript/4.3/node_modules 1 undefined Project: /dev/null/inferredProject1* WatchType: Failed Lookup Locations
Info 28   [10:49:54.257] Elapsed:: 0.025307001546025276ms DirectoryWatcher:: Triggered with /home/stanzu10/.cache/typescript/4.3/node_modules/bindings 5:: WatchInfo: /home/stanzu10/.cache/typescript/4.3/node_modules 1 undefined Project: /dev/null/inferredProject1* WatchType: Failed Lookup Locations
Info 29   [10:49:54.257] DirectoryWatcher:: Triggered with /home/stanzu10/.cache/typescript/4.3/node_modules/file-uri-to-path 6:: WatchInfo: /home/stanzu10/.cache/typescript/4.3/node_modules 1 undefined Project: /dev/null/inferredProject1* WatchType: Failed Lookup Locations
Info 30   [10:49:54.257] Elapsed:: 0.033344000577926636ms DirectoryWatcher:: Triggered with /home/stanzu10/.cache/typescript/4.3/node_modules/file-uri-to-path 6:: WatchInfo: /home/stanzu10/.cache/typescript/4.3/node_modules 1 undefined Project: /dev/null/inferredProject1* WatchType: Failed Lookup Locations
Info 31   [10:49:54.257] DirectoryWatcher:: Triggered with /home/stanzu10/.cache/typescript/4.3/node_modules/nan 7:: WatchInfo: /home/stanzu10/.cache/typescript/4.3/node_modules 1 undefined Project: /dev/null/inferredProject1* WatchType: Failed Lookup Locations
Info 32   [10:49:54.257] Elapsed:: 0.028344999998807907ms DirectoryWatcher:: Triggered with /home/stanzu10/.cache/typescript/4.3/node_modules/nan 7:: WatchInfo: /home/stanzu10/.cache/typescript/4.3/node_modules 1 undefined Project: /dev/null/inferredProject1* WatchType: Failed Lookup Locations
Info 33   [10:49:55.454] Starting updateGraphWorker: Project: /dev/null/inferredProject1*
Info 34   [10:49:55.529] Finishing updateGraphWorker: Project: /dev/null/inferredProject1* Version: 2 structureChanged: true Elapsed: 75.62404699996114ms
Info 35   [10:49:55.530] Different program with same set of files:: structureIsReused:: 0
Info 36   [10:49:57.703] Before ensureProjectForOpenFiles:
Info 37   [10:49:57.704] After ensureProjectForOpenFiles:
Info 38   [10:49:57.705] got projects updated in background, updating diagnostics for /home/stanzu10/Dev/git/spotify/src/App.jsx
Info 39   [10:50:02.307] Starting updateGraphWorker: Project: /dev/null/inferredProject1*
Info 40   [10:50:02.339] Finishing updateGraphWorker: Project: /dev/null/inferredProject1* Version: 3 structureChanged: false Elapsed: 31.62298900075257ms
Info 41   [10:50:02.339] Different program with same set of files:: structureIsReused:: 2
Info 42   [10:50:11.651] Format host information updated
Info 43   [10:50:57.397] Starting updateGraphWorker: Project: /dev/null/inferredProject1*
Info 44   [10:50:57.470] Finishing updateGraphWorker: Project: /dev/null/inferredProject1* Version: 4 structureChanged: false Elapsed: 72.7026289999485ms
Info 45   [10:50:57.470] Different program with same set of files:: structureIsReused:: 2
Info 46   [10:51:00.258] Format host information updated
Info 47   [10:51:13.706] Search path: /home/stanzu10/Dev/git/spotify/src
Info 48   [10:51:13.707] For info: /home/stanzu10/Dev/git/spotify/src/Album.jsx :: No config files found.
Info 49   [10:51:13.755] Starting updateGraphWorker: Project: /dev/null/inferredProject1*
Info 50   [10:51:13.799] Finishing updateGraphWorker: Project: /dev/null/inferredProject1* Version: 5 structureChanged: false Elapsed: 43.29685600101948ms
Info 51   [10:51:13.799] Different program with same set of files:: structureIsReused:: 2
Info 52   [10:51:17.931] Starting updateGraphWorker: Project: /dev/null/inferredProject1*
Info 53   [10:51:17.965] Finishing updateGraphWorker: Project: /dev/null/inferredProject1* Version: 6 structureChanged: false Elapsed: 33.72186899930239ms
Info 54   [10:51:17.965] Different program with same set of files:: structureIsReused:: 2
Info 55   [10:51:18.897] Format host information updated
Info 56   [10:54:41.874] Starting updateGraphWorker: Project: /dev/null/inferredProject1*
Info 57   [10:54:41.955] Finishing updateGraphWorker: Project: /dev/null/inferredProject1* Version: 7 structureChanged: false Elapsed: 80.73884800076485ms
Info 58   [10:54:41.955] Different program with same set of files:: structureIsReused:: 2
Info 59   [10:54:41.956] Starting updateGraphWorker: Project: /dev/null/inferredProject1*
Info 60   [10:54:41.987] Finishing updateGraphWorker: Project: /dev/null/inferredProject1* Version: 8 structureChanged: false Elapsed: 30.937230000272393ms
Info 61   [10:54:41.987] Different program with same set of files:: structureIsReused:: 2
Info 62   [10:54:42.264] Starting updateGraphWorker: Project: /dev/null/inferredProject1*
Info 63   [10:54:42.299] Finishing updateGraphWorker: Project: /dev/null/inferredProject1* Version: 9 structureChanged: false Elapsed: 34.77327699959278ms
Info 64   [10:54:42.299] Different program with same set of files:: structureIsReused:: 2
Info 65   [10:54:42.424] Starting updateGraphWorker: Project: /dev/null/inferredProject1*
Info 66   [10:54:42.500] Finishing updateGraphWorker: Project: /dev/null/inferredProject1* Version: 10 structureChanged: false Elapsed: 75.93662999942899ms
Info 67   [10:54:42.501] Different program with same set of files:: structureIsReused:: 2
Info 68   [10:54:42.814] getCompletionData: Get current token: 0.02642199955880642
Info 69   [10:54:42.814] getCompletionData: Is inside comment: 0.06464999914169312
Info 70   [10:54:42.814] getCompletionData: Get previous token 1: 0.046953000128269196
Info 71   [10:54:42.814] getCompletionData: Get previous token 2: 0.07043700106441975
Info 72   [10:54:42.815] getCompletionsAtPosition: isCompletionListBlocker: 0.21331200003623962
Info 73   [10:54:42.822] collectAutoImports: starting, not resolving module specifiers
Info 74   [10:54:42.822] collectAutoImports: module specifier cache size: 0
Info 75   [10:54:42.822] getSymbolToExportInfoMap: cache miss or empty; calculating new results
Info 76   [10:54:42.947] forEachExternalModuleToImportFrom autoImportProvider: 93.3814200013876
Info 77   [10:54:42.947] getSymbolToExportInfoMap: caching results
Info 78   [10:54:42.947] getSymbolToExportInfoMap: done in 125.17408400028944 ms
Info 79   [10:54:42.957] collectAutoImports: done in 135.43711800128222 ms
Info 80   [10:54:42.957] getCompletionData: Semantic work: 142.7801510002464
Info 81   [10:54:42.973] getCompletionsAtPosition: getCompletionEntriesFromSymbols: 15.187297999858856
Info 82   [10:54:43.087] getCompletionData: Get current token: 0.03248499892652035
Info 83   [10:54:43.087] getCompletionData: Is inside comment: 0.09552999958395958
Info 84   [10:54:43.087] getCompletionData: Get previous token 1: 0.0762109998613596
Info 85   [10:54:43.087] getCompletionData: Get previous token 2: 0.08066200092434883
Info 86   [10:54:43.087] getCompletionsAtPosition: isCompletionListBlocker: 0.02001200057566166
Info 87   [10:54:43.091] collectAutoImports: starting, not resolving module specifiers
Info 88   [10:54:43.091] collectAutoImports: module specifier cache size: 24
Info 89   [10:54:43.091] getSymbolToExportInfoMap: cache hit
Info 90   [10:54:43.100] collectAutoImports: done in 8.998393001034856 ms
Info 91   [10:54:43.100] getCompletionData: Semantic work: 12.311856999993324
Info 92   [10:54:43.112] getCompletionsAtPosition: getCompletionEntriesFromSymbols: 12.220349999144673
Info 93   [10:54:43.116] getCompletionData: Get current token: 0.033987000584602356
Info 94   [10:54:43.116] getCompletionData: Is inside comment: 0.07288399897515774
Info 95   [10:54:43.116] getCompletionData: Get previous token 1: 0.0678939986974001
Info 96   [10:54:43.116] getCompletionData: Get previous token 2: 0.04557599872350693
Info 97   [10:54:43.116] getCompletionsAtPosition: isCompletionListBlocker: 0.01310800015926361
Info 98   [10:54:43.119] collectAutoImports: starting, not resolving module specifiers
Info 99   [10:54:43.119] collectAutoImports: module specifier cache size: 24
Info 100  [10:54:43.119] getSymbolToExportInfoMap: cache hit
Info 101  [10:54:43.122] collectAutoImports: done in 3.768467999994755 ms
Info 102  [10:54:43.122] getCompletionData: Semantic work: 6.259263999760151
Info 103  [10:54:43.135] getCompletionsAtPosition: getCompletionEntriesFromSymbols: 12.00211999937892
Info 104  [10:54:43.334] Starting updateGraphWorker: Project: /dev/null/inferredProject1*
Info 105  [10:54:43.392] Finishing updateGraphWorker: Project: /dev/null/inferredProject1* Version: 11 structureChanged: false Elapsed: 56.917462000623345ms
Info 106  [10:54:43.392] Different program with same set of files:: structureIsReused:: 2
Info 107  [10:54:44.751] Starting updateGraphWorker: Project: /dev/null/inferredProject1*
Info 108  [10:54:44.812] Finishing updateGraphWorker: Project: /dev/null/inferredProject1* Version: 12 structureChanged: false Elapsed: 60.84235000051558ms
Info 109  [10:54:44.812] Different program with same set of files:: structureIsReused:: 2
Info 110  [10:54:46.241] Starting updateGraphWorker: Project: /dev/null/inferredProject1*
Info 111  [10:54:46.261] Finishing updateGraphWorker: Project: /dev/null/inferredProject1* Version: 13 structureChanged: false Elapsed: 20.14373300038278ms
Info 112  [10:54:46.262] Different program with same set of files:: structureIsReused:: 2
Info 113  [10:54:47.487] Format host information updated
Info 114  [10:54:47.969] Starting updateGraphWorker: Project: /dev/null/inferredProject1*
Info 115  [10:54:48.028] Finishing updateGraphWorker: Project: /dev/null/inferredProject1* Version: 14 structureChanged: false Elapsed: 59.19978200085461ms
Info 116  [10:54:48.028] Different program with same set of files:: structureIsReused:: 2
Info 117  [10:55:52.821] Starting updateGraphWorker: Project: /dev/null/inferredProject1*
Info 118  [10:55:52.865] Finishing updateGraphWorker: Project: /dev/null/inferredProject1* Version: 15 structureChanged: false Elapsed: 43.721295000985265ms
Info 119  [10:55:52.865] Different program with same set of files:: structureIsReused:: 2
Info 120  [10:55:52.901] Starting updateGraphWorker: Project: /dev/null/inferredProject1*
Info 121  [10:55:52.930] Finishing updateGraphWorker: Project: /dev/null/inferredProject1* Version: 16 structureChanged: false Elapsed: 28.77498099952936ms
Info 122  [10:55:52.930] Different program with same set of files:: structureIsReused:: 2
Info 123  [10:55:53.324] Starting updateGraphWorker: Project: /dev/null/inferredProject1*
Info 124  [10:55:53.386] Finishing updateGraphWorker: Project: /dev/null/inferredProject1* Version: 17 structureChanged: false Elapsed: 61.666051000356674ms
Info 125  [10:55:53.386] Different program with same set of files:: structureIsReused:: 2
Info 126  [10:55:53.523] Starting updateGraphWorker: Project: /dev/null/inferredProject1*
Info 127  [10:55:53.542] Finishing updateGraphWorker: Project: /dev/null/inferredProject1* Version: 18 structureChanged: false Elapsed: 19.13872999884188ms
Info 128  [10:55:53.543] Different program with same set of files:: structureIsReused:: 2
Info 129  [10:55:55.654] Starting updateGraphWorker: Project: /dev/null/inferredProject1*
Info 130  [10:55:55.674] Finishing updateGraphWorker: Project: /dev/null/inferredProject1* Version: 19 structureChanged: false Elapsed: 20.501210000365973ms
Info 131  [10:55:55.674] Different program with same set of files:: structureIsReused:: 2
Info 132  [10:55:55.767] Starting updateGraphWorker: Project: /dev/null/inferredProject1*
Info 133  [10:55:55.783] Finishing updateGraphWorker: Project: /dev/null/inferredProject1* Version: 20 structureChanged: false Elapsed: 15.510617999359965ms
Info 134  [10:55:55.783] Different program with same set of files:: structureIsReused:: 2
Info 135  [10:55:56.357] Starting updateGraphWorker: Project: /dev/null/inferredProject1*
Info 136  [10:55:56.376] Finishing updateGraphWorker: Project: /dev/null/inferredProject1* Version: 21 structureChanged: false Elapsed: 18.10084900073707ms
Info 137  [10:55:56.376] Different program with same set of files:: structureIsReused:: 2
Info 138  [10:55:56.668] getCompletionData: Get current token: 0.08257400058209896
Info 139  [10:55:56.668] getCompletionData: Is inside comment: 0.03253300115466118
Info 140  [10:55:56.668] getCompletionData: Get previous token 1: 0.37509999983012676
Info 141  [10:55:56.669] getCompletionData: Get previous token 2: 0.27546099945902824
Info 142  [10:55:56.670] getCompletionsAtPosition: isCompletionListBlocker: 0.866712000221014
Info 143  [10:55:56.688] collectAutoImports: starting, not resolving module specifiers
Info 144  [10:55:56.688] collectAutoImports: module specifier cache size: 24
Info 145  [10:55:56.705] getSymbolToExportInfoMap: cache hit
Info 146  [10:55:56.720] collectAutoImports: done in 31.702394999563694 ms
Info 147  [10:55:56.720] getCompletionData: Semantic work: 49.508991999551654
Info 148  [10:55:56.734] getCompletionsAtPosition: getCompletionEntriesFromSymbols: 12.33121700026095
Info 149  [10:55:57.014] Starting updateGraphWorker: Project: /dev/null/inferredProject1*
Info 150  [10:55:57.065] Finishing updateGraphWorker: Project: /dev/null/inferredProject1* Version: 22 structureChanged: false Elapsed: 51.346769001334906ms
Info 151  [10:55:57.065] Different program with same set of files:: structureIsReused:: 2
Info 152  [10:55:57.948] Starting updateGraphWorker: Project: /dev/null/inferredProject1*
Info 153  [10:55:57.970] Finishing updateGraphWorker: Project: /dev/null/inferredProject1* Version: 23 structureChanged: false Elapsed: 21.398221999406815ms
Info 154  [10:55:57.970] Different program with same set of files:: structureIsReused:: 2
Info 155  [10:55:57.970] getCompletionData: Get current token: 0.034563999623060226
Info 156  [10:55:57.970] getCompletionData: Is inside comment: 0.009192001074552536
Info 157  [10:55:57.970] getCompletionData: Get previous token 1: 0.05836999975144863
Info 158  [10:55:57.971] getCompletionData: Get previous token 2: 0.04401700012385845
Info 159  [10:55:57.971] getCompletionsAtPosition: isCompletionListBlocker: 0.019871998578310013
Info 160  [10:55:57.973] collectAutoImports: starting, not resolving module specifiers
Info 161  [10:55:57.973] collectAutoImports: module specifier cache size: 48
Info 162  [10:55:57.977] getSymbolToExportInfoMap: cache hit
Info 163  [10:55:57.982] collectAutoImports: done in 8.72011100128293 ms
Info 164  [10:55:57.982] getCompletionData: Semantic work: 11.405349999666214
Info 165  [10:55:57.987] getCompletionData: Get current token: 0.024671999737620354
Info 166  [10:55:57.987] getCompletionData: Is inside comment: 0.007023999467492104
Info 167  [10:55:57.987] getCompletionData: Get previous token 1: 0.04604700021445751
Info 168  [10:55:57.987] getCompletionData: Get previous token 2: 0.04216899909079075
Info 169  [10:55:57.987] getCompletionsAtPosition: isCompletionListBlocker: 0.00577399879693985
Info 170  [10:55:57.990] collectAutoImports: starting, not resolving module specifiers
Info 171  [10:55:57.990] collectAutoImports: module specifier cache size: 48
Info 172  [10:55:57.993] getSymbolToExportInfoMap: cache hit
Info 173  [10:55:57.995] collectAutoImports: done in 5.284399999305606 ms
Info 174  [10:55:57.995] getCompletionData: Semantic work: 7.577803999185562
Info 175  [10:55:59.445] Format host information updated
Info 176  [10:55:59.896] Starting updateGraphWorker: Project: /dev/null/inferredProject1*
Info 177  [10:55:59.918] Finishing updateGraphWorker: Project: /dev/null/inferredProject1* Version: 24 structureChanged: false Elapsed: 22.21038700081408ms
Info 178  [10:55:59.919] Different program with same set of files:: structureIsReused:: 2
Info 179  [10:56:32.039] Starting updateGraphWorker: Project: /dev/null/inferredProject1*
Info 180  [10:56:32.112] Finishing updateGraphWorker: Project: /dev/null/inferredProject1* Version: 25 structureChanged: false Elapsed: 72.92298600077629ms
Info 181  [10:56:32.112] Different program with same set of files:: structureIsReused:: 2
Info 182  [10:56:38.431] Starting updateGraphWorker: Project: /dev/null/inferredProject1*
Info 183  [10:56:38.460] Finishing updateGraphWorker: Project: /dev/null/inferredProject1* Version: 26 structureChanged: false Elapsed: 29.027964999899268ms
Info 184  [10:56:38.460] Different program with same set of files:: structureIsReused:: 2
Info 185  [10:56:43.050] Starting updateGraphWorker: Project: /dev/null/inferredProject1*
Info 186  [10:56:43.071] Finishing updateGraphWorker: Project: /dev/null/inferredProject1* Version: 27 structureChanged: false Elapsed: 20.903725000098348ms
Info 187  [10:56:43.071] Different program with same set of files:: structureIsReused:: 2
Info 188  [10:56:46.143] Starting updateGraphWorker: Project: /dev/null/inferredProject1*
Info 189  [10:56:46.208] Finishing updateGraphWorker: Project: /dev/null/inferredProject1* Version: 28 structureChanged: false Elapsed: 65.02533000148833ms
Info 190  [10:56:46.208] Different program with same set of files:: structureIsReused:: 2
Info 191  [10:56:46.721] Starting updateGraphWorker: Project: /dev/null/inferredProject1*
Info 192  [10:56:46.776] Finishing updateGraphWorker: Project: /dev/null/inferredProject1* Version: 29 structureChanged: false Elapsed: 54.76177300140262ms
Info 193  [10:56:46.776] Different program with same set of files:: structureIsReused:: 2
Info 194  [10:56:47.343] Starting updateGraphWorker: Project: /dev/null/inferredProject1*
Info 195  [10:56:47.398] Finishing updateGraphWorker: Project: /dev/null/inferredProject1* Version: 30 structureChanged: false Elapsed: 54.90546900033951ms
Info 196  [10:56:47.399] Different program with same set of files:: structureIsReused:: 2
Info 197  [10:56:48.508] Format host information updated
